{"error":"User.belongsToMany called with something that's not a subclass of Sequelize.Model","level":"error","message":"❌ Error setting up User:","stack":"Error: User.belongsToMany called with something that's not a subclass of Sequelize.Model\n    at User.belongsToMany (C:\\Users\\Public\\Downloads\\Alive-Innovation-Tech-Workspace\\user-service-api\\node_modules\\sequelize\\lib\\associations\\mixin.js:33:13)\n    at User.associate (C:\\Users\\Public\\Downloads\\Alive-Innovation-Tech-Workspace\\user-service-api\\app\\models\\UserModel.js:9:18)\n    at C:\\Users\\Public\\Downloads\\Alive-Innovation-Tech-Workspace\\user-service-api\\app\\models\\index.js:41:23\n    at Array.forEach (<anonymous>)\n    at module.exports (C:\\Users\\Public\\Downloads\\Alive-Innovation-Tech-Workspace\\user-service-api\\app\\models\\index.js:38:19)\n    at Object.<anonymous> (C:\\Users\\Public\\Downloads\\Alive-Innovation-Tech-Workspace\\user-service-api\\lib\\database.js:53:36)\n    at Module._compile (node:internal/modules/cjs/loader:1256:14)\n    at Module._extensions..js (node:internal/modules/cjs/loader:1310:10)\n    at Module.load (node:internal/modules/cjs/loader:1119:32)\n    at Module._load (node:internal/modules/cjs/loader:960:12)\n    at Module.require (node:internal/modules/cjs/loader:1143:19)\n    at require (node:internal/modules/cjs/helpers:119:18)\n    at Object.<anonymous> (C:\\Users\\Public\\Downloads\\Alive-Innovation-Tech-Workspace\\user-service-api\\lib\\index.js:4:1)\n    at Module._compile (node:internal/modules/cjs/loader:1256:14)\n    at Module._extensions..js (node:internal/modules/cjs/loader:1310:10)\n    at Module.load (node:internal/modules/cjs/loader:1119:32)\n    at Module._load (node:internal/modules/cjs/loader:960:12)\n    at Module.require (node:internal/modules/cjs/loader:1143:19)\n    at require (node:internal/modules/cjs/helpers:119:18)\n    at Object.<anonymous> (C:\\Users\\Public\\Downloads\\Alive-Innovation-Tech-Workspace\\user-service-api\\app.js:13:1)\n    at Module._compile (node:internal/modules/cjs/loader:1256:14)\n    at Module._extensions..js (node:internal/modules/cjs/loader:1310:10)","timestamp":"2025-08-08T12:10:54.919Z"}
{"error":"User.belongsToMany called with something that's not a subclass of Sequelize.Model","level":"error","message":"❌ Error setting up User:","stack":"Error: User.belongsToMany called with something that's not a subclass of Sequelize.Model\n    at User.belongsToMany (C:\\Users\\Public\\Downloads\\Alive-Innovation-Tech-Workspace\\user-service-api\\node_modules\\sequelize\\lib\\associations\\mixin.js:33:13)\n    at User.associate (C:\\Users\\Public\\Downloads\\Alive-Innovation-Tech-Workspace\\user-service-api\\app\\models\\UserModel.js:9:18)\n    at C:\\Users\\Public\\Downloads\\Alive-Innovation-Tech-Workspace\\user-service-api\\app\\models\\index.js:41:23\n    at Array.forEach (<anonymous>)\n    at module.exports (C:\\Users\\Public\\Downloads\\Alive-Innovation-Tech-Workspace\\user-service-api\\app\\models\\index.js:38:19)\n    at Object.<anonymous> (C:\\Users\\Public\\Downloads\\Alive-Innovation-Tech-Workspace\\user-service-api\\lib\\database.js:53:36)\n    at Module._compile (node:internal/modules/cjs/loader:1256:14)\n    at Module._extensions..js (node:internal/modules/cjs/loader:1310:10)\n    at Module.load (node:internal/modules/cjs/loader:1119:32)\n    at Module._load (node:internal/modules/cjs/loader:960:12)\n    at Module.require (node:internal/modules/cjs/loader:1143:19)\n    at require (node:internal/modules/cjs/helpers:119:18)\n    at Object.<anonymous> (C:\\Users\\Public\\Downloads\\Alive-Innovation-Tech-Workspace\\user-service-api\\lib\\index.js:4:1)\n    at Module._compile (node:internal/modules/cjs/loader:1256:14)\n    at Module._extensions..js (node:internal/modules/cjs/loader:1310:10)\n    at Module.load (node:internal/modules/cjs/loader:1119:32)\n    at Module._load (node:internal/modules/cjs/loader:960:12)\n    at Module.require (node:internal/modules/cjs/loader:1143:19)\n    at require (node:internal/modules/cjs/helpers:119:18)\n    at Object.<anonymous> (C:\\Users\\Public\\Downloads\\Alive-Innovation-Tech-Workspace\\user-service-api\\workers\\BackgroundService.js:7:5)\n    at Module._compile (node:internal/modules/cjs/loader:1256:14)\n    at Module._extensions..js (node:internal/modules/cjs/loader:1310:10)","timestamp":"2025-08-08T12:10:56.173Z"}
{"error":"User.belongsToMany called with something that's not a subclass of Sequelize.Model","level":"error","message":"❌ Error setting up User:","stack":"Error: User.belongsToMany called with something that's not a subclass of Sequelize.Model\n    at User.belongsToMany (C:\\Users\\Public\\Downloads\\Alive-Innovation-Tech-Workspace\\user-service-api\\node_modules\\sequelize\\lib\\associations\\mixin.js:33:13)\n    at User.associate (C:\\Users\\Public\\Downloads\\Alive-Innovation-Tech-Workspace\\user-service-api\\app\\models\\UserModel.js:9:18)\n    at C:\\Users\\Public\\Downloads\\Alive-Innovation-Tech-Workspace\\user-service-api\\app\\models\\index.js:41:23\n    at Array.forEach (<anonymous>)\n    at module.exports (C:\\Users\\Public\\Downloads\\Alive-Innovation-Tech-Workspace\\user-service-api\\app\\models\\index.js:38:19)\n    at Object.<anonymous> (C:\\Users\\Public\\Downloads\\Alive-Innovation-Tech-Workspace\\user-service-api\\lib\\database.js:53:36)\n    at Module._compile (node:internal/modules/cjs/loader:1256:14)\n    at Module._extensions..js (node:internal/modules/cjs/loader:1310:10)\n    at Module.load (node:internal/modules/cjs/loader:1119:32)\n    at Module._load (node:internal/modules/cjs/loader:960:12)\n    at Module.require (node:internal/modules/cjs/loader:1143:19)\n    at require (node:internal/modules/cjs/helpers:119:18)\n    at Object.<anonymous> (C:\\Users\\Public\\Downloads\\Alive-Innovation-Tech-Workspace\\user-service-api\\lib\\index.js:4:1)\n    at Module._compile (node:internal/modules/cjs/loader:1256:14)\n    at Module._extensions..js (node:internal/modules/cjs/loader:1310:10)\n    at Module.load (node:internal/modules/cjs/loader:1119:32)\n    at Module._load (node:internal/modules/cjs/loader:960:12)\n    at Module.require (node:internal/modules/cjs/loader:1143:19)\n    at require (node:internal/modules/cjs/helpers:119:18)\n    at Object.<anonymous> (C:\\Users\\Public\\Downloads\\Alive-Innovation-Tech-Workspace\\user-service-api\\app.js:13:1)\n    at Module._compile (node:internal/modules/cjs/loader:1256:14)\n    at Module._extensions..js (node:internal/modules/cjs/loader:1310:10)","timestamp":"2025-08-08T12:21:27.451Z"}
{"error":"User.belongsToMany called with something that's not a subclass of Sequelize.Model","level":"error","message":"❌ Error setting up User:","stack":"Error: User.belongsToMany called with something that's not a subclass of Sequelize.Model\n    at User.belongsToMany (C:\\Users\\Public\\Downloads\\Alive-Innovation-Tech-Workspace\\user-service-api\\node_modules\\sequelize\\lib\\associations\\mixin.js:33:13)\n    at User.associate (C:\\Users\\Public\\Downloads\\Alive-Innovation-Tech-Workspace\\user-service-api\\app\\models\\UserModel.js:9:18)\n    at C:\\Users\\Public\\Downloads\\Alive-Innovation-Tech-Workspace\\user-service-api\\app\\models\\index.js:41:23\n    at Array.forEach (<anonymous>)\n    at module.exports (C:\\Users\\Public\\Downloads\\Alive-Innovation-Tech-Workspace\\user-service-api\\app\\models\\index.js:38:19)\n    at Object.<anonymous> (C:\\Users\\Public\\Downloads\\Alive-Innovation-Tech-Workspace\\user-service-api\\lib\\database.js:53:36)\n    at Module._compile (node:internal/modules/cjs/loader:1256:14)\n    at Module._extensions..js (node:internal/modules/cjs/loader:1310:10)\n    at Module.load (node:internal/modules/cjs/loader:1119:32)\n    at Module._load (node:internal/modules/cjs/loader:960:12)\n    at Module.require (node:internal/modules/cjs/loader:1143:19)\n    at require (node:internal/modules/cjs/helpers:119:18)\n    at Object.<anonymous> (C:\\Users\\Public\\Downloads\\Alive-Innovation-Tech-Workspace\\user-service-api\\lib\\index.js:4:1)\n    at Module._compile (node:internal/modules/cjs/loader:1256:14)\n    at Module._extensions..js (node:internal/modules/cjs/loader:1310:10)\n    at Module.load (node:internal/modules/cjs/loader:1119:32)\n    at Module._load (node:internal/modules/cjs/loader:960:12)\n    at Module.require (node:internal/modules/cjs/loader:1143:19)\n    at require (node:internal/modules/cjs/helpers:119:18)\n    at Object.<anonymous> (C:\\Users\\Public\\Downloads\\Alive-Innovation-Tech-Workspace\\user-service-api\\workers\\BackgroundService.js:7:5)\n    at Module._compile (node:internal/modules/cjs/loader:1256:14)\n    at Module._extensions..js (node:internal/modules/cjs/loader:1310:10)","timestamp":"2025-08-08T12:21:28.895Z"}
{"error":"User.hasOne called with something that's not a subclass of Sequelize.Model","level":"error","message":"❌ Error setting up User:","stack":"Error: User.hasOne called with something that's not a subclass of Sequelize.Model\n    at User.<anonymous> (C:\\Users\\Public\\Downloads\\Alive-Innovation-Tech-Workspace\\user-service-api\\node_modules\\sequelize\\lib\\associations\\mixin.js:63:13)\n    at User.associate (C:\\Users\\Public\\Downloads\\Alive-Innovation-Tech-Workspace\\user-service-api\\app\\models\\UserModel.js:16:18)\n    at C:\\Users\\Public\\Downloads\\Alive-Innovation-Tech-Workspace\\user-service-api\\app\\models\\index.js:41:23\n    at Array.forEach (<anonymous>)\n    at module.exports (C:\\Users\\Public\\Downloads\\Alive-Innovation-Tech-Workspace\\user-service-api\\app\\models\\index.js:38:19)\n    at Object.<anonymous> (C:\\Users\\Public\\Downloads\\Alive-Innovation-Tech-Workspace\\user-service-api\\lib\\database.js:53:36)\n    at Module._compile (node:internal/modules/cjs/loader:1256:14)\n    at Module._extensions..js (node:internal/modules/cjs/loader:1310:10)\n    at Module.load (node:internal/modules/cjs/loader:1119:32)\n    at Module._load (node:internal/modules/cjs/loader:960:12)\n    at Module.require (node:internal/modules/cjs/loader:1143:19)\n    at require (node:internal/modules/cjs/helpers:119:18)\n    at Object.<anonymous> (C:\\Users\\Public\\Downloads\\Alive-Innovation-Tech-Workspace\\user-service-api\\lib\\index.js:4:1)\n    at Module._compile (node:internal/modules/cjs/loader:1256:14)\n    at Module._extensions..js (node:internal/modules/cjs/loader:1310:10)\n    at Module.load (node:internal/modules/cjs/loader:1119:32)\n    at Module._load (node:internal/modules/cjs/loader:960:12)\n    at Module.require (node:internal/modules/cjs/loader:1143:19)\n    at require (node:internal/modules/cjs/helpers:119:18)\n    at Object.<anonymous> (C:\\Users\\Public\\Downloads\\Alive-Innovation-Tech-Workspace\\user-service-api\\app.js:13:1)\n    at Module._compile (node:internal/modules/cjs/loader:1256:14)\n    at Module._extensions..js (node:internal/modules/cjs/loader:1310:10)","timestamp":"2025-08-08T12:53:06.961Z"}
{"error":"User.hasOne called with something that's not a subclass of Sequelize.Model","level":"error","message":"❌ Error setting up User:","stack":"Error: User.hasOne called with something that's not a subclass of Sequelize.Model\n    at User.<anonymous> (C:\\Users\\Public\\Downloads\\Alive-Innovation-Tech-Workspace\\user-service-api\\node_modules\\sequelize\\lib\\associations\\mixin.js:63:13)\n    at User.associate (C:\\Users\\Public\\Downloads\\Alive-Innovation-Tech-Workspace\\user-service-api\\app\\models\\UserModel.js:16:18)\n    at C:\\Users\\Public\\Downloads\\Alive-Innovation-Tech-Workspace\\user-service-api\\app\\models\\index.js:41:23\n    at Array.forEach (<anonymous>)\n    at module.exports (C:\\Users\\Public\\Downloads\\Alive-Innovation-Tech-Workspace\\user-service-api\\app\\models\\index.js:38:19)\n    at Object.<anonymous> (C:\\Users\\Public\\Downloads\\Alive-Innovation-Tech-Workspace\\user-service-api\\lib\\database.js:53:36)\n    at Module._compile (node:internal/modules/cjs/loader:1256:14)\n    at Module._extensions..js (node:internal/modules/cjs/loader:1310:10)\n    at Module.load (node:internal/modules/cjs/loader:1119:32)\n    at Module._load (node:internal/modules/cjs/loader:960:12)\n    at Module.require (node:internal/modules/cjs/loader:1143:19)\n    at require (node:internal/modules/cjs/helpers:119:18)\n    at Object.<anonymous> (C:\\Users\\Public\\Downloads\\Alive-Innovation-Tech-Workspace\\user-service-api\\lib\\index.js:4:1)\n    at Module._compile (node:internal/modules/cjs/loader:1256:14)\n    at Module._extensions..js (node:internal/modules/cjs/loader:1310:10)\n    at Module.load (node:internal/modules/cjs/loader:1119:32)\n    at Module._load (node:internal/modules/cjs/loader:960:12)\n    at Module.require (node:internal/modules/cjs/loader:1143:19)\n    at require (node:internal/modules/cjs/helpers:119:18)\n    at Object.<anonymous> (C:\\Users\\Public\\Downloads\\Alive-Innovation-Tech-Workspace\\user-service-api\\workers\\BackgroundService.js:7:5)\n    at Module._compile (node:internal/modules/cjs/loader:1256:14)\n    at Module._extensions..js (node:internal/modules/cjs/loader:1310:10)","timestamp":"2025-08-08T12:53:11.715Z"}
{"error":"User.hasOne called with something that's not a subclass of Sequelize.Model","level":"error","message":"❌ Error setting up User:","stack":"Error: User.hasOne called with something that's not a subclass of Sequelize.Model\n    at User.<anonymous> (C:\\Users\\Public\\Downloads\\Alive-Innovation-Tech-Workspace\\user-service-api\\node_modules\\sequelize\\lib\\associations\\mixin.js:63:13)\n    at User.associate (C:\\Users\\Public\\Downloads\\Alive-Innovation-Tech-Workspace\\user-service-api\\app\\models\\UserModel.js:16:18)\n    at C:\\Users\\Public\\Downloads\\Alive-Innovation-Tech-Workspace\\user-service-api\\app\\models\\index.js:38:23\n    at Array.forEach (<anonymous>)\n    at module.exports (C:\\Users\\Public\\Downloads\\Alive-Innovation-Tech-Workspace\\user-service-api\\app\\models\\index.js:35:17)\n    at Object.<anonymous> (C:\\Users\\Public\\Downloads\\Alive-Innovation-Tech-Workspace\\user-service-api\\lib\\database.js:53:36)\n    at Module._compile (node:internal/modules/cjs/loader:1256:14)\n    at Module._extensions..js (node:internal/modules/cjs/loader:1310:10)\n    at Module.load (node:internal/modules/cjs/loader:1119:32)\n    at Module._load (node:internal/modules/cjs/loader:960:12)\n    at Module.require (node:internal/modules/cjs/loader:1143:19)\n    at require (node:internal/modules/cjs/helpers:119:18)\n    at Object.<anonymous> (C:\\Users\\Public\\Downloads\\Alive-Innovation-Tech-Workspace\\user-service-api\\lib\\index.js:4:1)\n    at Module._compile (node:internal/modules/cjs/loader:1256:14)\n    at Module._extensions..js (node:internal/modules/cjs/loader:1310:10)\n    at Module.load (node:internal/modules/cjs/loader:1119:32)\n    at Module._load (node:internal/modules/cjs/loader:960:12)\n    at Module.require (node:internal/modules/cjs/loader:1143:19)\n    at require (node:internal/modules/cjs/helpers:119:18)\n    at Object.<anonymous> (C:\\Users\\Public\\Downloads\\Alive-Innovation-Tech-Workspace\\user-service-api\\app.js:13:1)\n    at Module._compile (node:internal/modules/cjs/loader:1256:14)\n    at Module._extensions..js (node:internal/modules/cjs/loader:1310:10)","timestamp":"2025-08-08T12:57:34.557Z"}
{"error":"User.hasOne called with something that's not a subclass of Sequelize.Model","level":"error","message":"❌ Error setting up User:","stack":"Error: User.hasOne called with something that's not a subclass of Sequelize.Model\n    at User.<anonymous> (C:\\Users\\Public\\Downloads\\Alive-Innovation-Tech-Workspace\\user-service-api\\node_modules\\sequelize\\lib\\associations\\mixin.js:63:13)\n    at User.associate (C:\\Users\\Public\\Downloads\\Alive-Innovation-Tech-Workspace\\user-service-api\\app\\models\\UserModel.js:16:18)\n    at C:\\Users\\Public\\Downloads\\Alive-Innovation-Tech-Workspace\\user-service-api\\app\\models\\index.js:38:23\n    at Array.forEach (<anonymous>)\n    at module.exports (C:\\Users\\Public\\Downloads\\Alive-Innovation-Tech-Workspace\\user-service-api\\app\\models\\index.js:35:17)\n    at Object.<anonymous> (C:\\Users\\Public\\Downloads\\Alive-Innovation-Tech-Workspace\\user-service-api\\lib\\database.js:53:36)\n    at Module._compile (node:internal/modules/cjs/loader:1256:14)\n    at Module._extensions..js (node:internal/modules/cjs/loader:1310:10)\n    at Module.load (node:internal/modules/cjs/loader:1119:32)\n    at Module._load (node:internal/modules/cjs/loader:960:12)\n    at Module.require (node:internal/modules/cjs/loader:1143:19)\n    at require (node:internal/modules/cjs/helpers:119:18)\n    at Object.<anonymous> (C:\\Users\\Public\\Downloads\\Alive-Innovation-Tech-Workspace\\user-service-api\\lib\\index.js:4:1)\n    at Module._compile (node:internal/modules/cjs/loader:1256:14)\n    at Module._extensions..js (node:internal/modules/cjs/loader:1310:10)\n    at Module.load (node:internal/modules/cjs/loader:1119:32)\n    at Module._load (node:internal/modules/cjs/loader:960:12)\n    at Module.require (node:internal/modules/cjs/loader:1143:19)\n    at require (node:internal/modules/cjs/helpers:119:18)\n    at Object.<anonymous> (C:\\Users\\Public\\Downloads\\Alive-Innovation-Tech-Workspace\\user-service-api\\workers\\BackgroundService.js:7:5)\n    at Module._compile (node:internal/modules/cjs/loader:1256:14)\n    at Module._extensions..js (node:internal/modules/cjs/loader:1310:10)","timestamp":"2025-08-08T12:57:35.873Z"}
{"error":"User.hasOne called with something that's not a subclass of Sequelize.Model","level":"error","message":"❌ Error setting up User:","stack":"Error: User.hasOne called with something that's not a subclass of Sequelize.Model\n    at User.<anonymous> (C:\\Users\\Public\\Downloads\\Alive-Innovation-Tech-Workspace\\user-service-api\\node_modules\\sequelize\\lib\\associations\\mixin.js:63:13)\n    at User.associate (C:\\Users\\Public\\Downloads\\Alive-Innovation-Tech-Workspace\\user-service-api\\app\\models\\UserModel.js:16:18)\n    at C:\\Users\\Public\\Downloads\\Alive-Innovation-Tech-Workspace\\user-service-api\\app\\models\\index.js:38:23\n    at Array.forEach (<anonymous>)\n    at module.exports (C:\\Users\\Public\\Downloads\\Alive-Innovation-Tech-Workspace\\user-service-api\\app\\models\\index.js:35:17)\n    at Object.<anonymous> (C:\\Users\\Public\\Downloads\\Alive-Innovation-Tech-Workspace\\user-service-api\\lib\\database.js:53:36)\n    at Module._compile (node:internal/modules/cjs/loader:1256:14)\n    at Module._extensions..js (node:internal/modules/cjs/loader:1310:10)\n    at Module.load (node:internal/modules/cjs/loader:1119:32)\n    at Module._load (node:internal/modules/cjs/loader:960:12)\n    at Module.require (node:internal/modules/cjs/loader:1143:19)\n    at require (node:internal/modules/cjs/helpers:119:18)\n    at Object.<anonymous> (C:\\Users\\Public\\Downloads\\Alive-Innovation-Tech-Workspace\\user-service-api\\lib\\index.js:4:1)\n    at Module._compile (node:internal/modules/cjs/loader:1256:14)\n    at Module._extensions..js (node:internal/modules/cjs/loader:1310:10)\n    at Module.load (node:internal/modules/cjs/loader:1119:32)\n    at Module._load (node:internal/modules/cjs/loader:960:12)\n    at Module.require (node:internal/modules/cjs/loader:1143:19)\n    at require (node:internal/modules/cjs/helpers:119:18)\n    at Object.<anonymous> (C:\\Users\\Public\\Downloads\\Alive-Innovation-Tech-Workspace\\user-service-api\\app.js:13:1)\n    at Module._compile (node:internal/modules/cjs/loader:1256:14)\n    at Module._extensions..js (node:internal/modules/cjs/loader:1310:10)","timestamp":"2025-08-08T12:57:56.843Z"}
{"error":"User.hasOne called with something that's not a subclass of Sequelize.Model","level":"error","message":"❌ Error setting up User:","stack":"Error: User.hasOne called with something that's not a subclass of Sequelize.Model\n    at User.<anonymous> (C:\\Users\\Public\\Downloads\\Alive-Innovation-Tech-Workspace\\user-service-api\\node_modules\\sequelize\\lib\\associations\\mixin.js:63:13)\n    at User.associate (C:\\Users\\Public\\Downloads\\Alive-Innovation-Tech-Workspace\\user-service-api\\app\\models\\UserModel.js:16:18)\n    at C:\\Users\\Public\\Downloads\\Alive-Innovation-Tech-Workspace\\user-service-api\\app\\models\\index.js:38:23\n    at Array.forEach (<anonymous>)\n    at module.exports (C:\\Users\\Public\\Downloads\\Alive-Innovation-Tech-Workspace\\user-service-api\\app\\models\\index.js:35:17)\n    at Object.<anonymous> (C:\\Users\\Public\\Downloads\\Alive-Innovation-Tech-Workspace\\user-service-api\\lib\\database.js:53:36)\n    at Module._compile (node:internal/modules/cjs/loader:1256:14)\n    at Module._extensions..js (node:internal/modules/cjs/loader:1310:10)\n    at Module.load (node:internal/modules/cjs/loader:1119:32)\n    at Module._load (node:internal/modules/cjs/loader:960:12)\n    at Module.require (node:internal/modules/cjs/loader:1143:19)\n    at require (node:internal/modules/cjs/helpers:119:18)\n    at Object.<anonymous> (C:\\Users\\Public\\Downloads\\Alive-Innovation-Tech-Workspace\\user-service-api\\lib\\index.js:4:1)\n    at Module._compile (node:internal/modules/cjs/loader:1256:14)\n    at Module._extensions..js (node:internal/modules/cjs/loader:1310:10)\n    at Module.load (node:internal/modules/cjs/loader:1119:32)\n    at Module._load (node:internal/modules/cjs/loader:960:12)\n    at Module.require (node:internal/modules/cjs/loader:1143:19)\n    at require (node:internal/modules/cjs/helpers:119:18)\n    at Object.<anonymous> (C:\\Users\\Public\\Downloads\\Alive-Innovation-Tech-Workspace\\user-service-api\\workers\\BackgroundService.js:7:5)\n    at Module._compile (node:internal/modules/cjs/loader:1256:14)\n    at Module._extensions..js (node:internal/modules/cjs/loader:1310:10)","timestamp":"2025-08-08T12:57:58.221Z"}
{"error":"User.hasOne called with something that's not a subclass of Sequelize.Model","level":"error","message":"❌ Error setting up User:","stack":"Error: User.hasOne called with something that's not a subclass of Sequelize.Model\n    at User.<anonymous> (C:\\Users\\Public\\Downloads\\Alive-Innovation-Tech-Workspace\\user-service-api\\node_modules\\sequelize\\lib\\associations\\mixin.js:63:13)\n    at User.associate (C:\\Users\\Public\\Downloads\\Alive-Innovation-Tech-Workspace\\user-service-api\\app\\models\\UserModel.js:16:18)\n    at C:\\Users\\Public\\Downloads\\Alive-Innovation-Tech-Workspace\\user-service-api\\app\\models\\index.js:38:23\n    at Array.forEach (<anonymous>)\n    at module.exports (C:\\Users\\Public\\Downloads\\Alive-Innovation-Tech-Workspace\\user-service-api\\app\\models\\index.js:35:17)\n    at Object.<anonymous> (C:\\Users\\Public\\Downloads\\Alive-Innovation-Tech-Workspace\\user-service-api\\lib\\database.js:53:36)\n    at Module._compile (node:internal/modules/cjs/loader:1256:14)\n    at Module._extensions..js (node:internal/modules/cjs/loader:1310:10)\n    at Module.load (node:internal/modules/cjs/loader:1119:32)\n    at Module._load (node:internal/modules/cjs/loader:960:12)\n    at Module.require (node:internal/modules/cjs/loader:1143:19)\n    at require (node:internal/modules/cjs/helpers:119:18)\n    at Object.<anonymous> (C:\\Users\\Public\\Downloads\\Alive-Innovation-Tech-Workspace\\user-service-api\\lib\\index.js:4:1)\n    at Module._compile (node:internal/modules/cjs/loader:1256:14)\n    at Module._extensions..js (node:internal/modules/cjs/loader:1310:10)\n    at Module.load (node:internal/modules/cjs/loader:1119:32)\n    at Module._load (node:internal/modules/cjs/loader:960:12)\n    at Module.require (node:internal/modules/cjs/loader:1143:19)\n    at require (node:internal/modules/cjs/helpers:119:18)\n    at Object.<anonymous> (C:\\Users\\Public\\Downloads\\Alive-Innovation-Tech-Workspace\\user-service-api\\app.js:13:1)\n    at Module._compile (node:internal/modules/cjs/loader:1256:14)\n    at Module._extensions..js (node:internal/modules/cjs/loader:1310:10)","timestamp":"2025-08-08T12:58:17.206Z"}
{"error":"User.hasOne called with something that's not a subclass of Sequelize.Model","level":"error","message":"❌ Error setting up User:","stack":"Error: User.hasOne called with something that's not a subclass of Sequelize.Model\n    at User.<anonymous> (C:\\Users\\Public\\Downloads\\Alive-Innovation-Tech-Workspace\\user-service-api\\node_modules\\sequelize\\lib\\associations\\mixin.js:63:13)\n    at User.associate (C:\\Users\\Public\\Downloads\\Alive-Innovation-Tech-Workspace\\user-service-api\\app\\models\\UserModel.js:16:18)\n    at C:\\Users\\Public\\Downloads\\Alive-Innovation-Tech-Workspace\\user-service-api\\app\\models\\index.js:38:23\n    at Array.forEach (<anonymous>)\n    at module.exports (C:\\Users\\Public\\Downloads\\Alive-Innovation-Tech-Workspace\\user-service-api\\app\\models\\index.js:35:17)\n    at Object.<anonymous> (C:\\Users\\Public\\Downloads\\Alive-Innovation-Tech-Workspace\\user-service-api\\lib\\database.js:53:36)\n    at Module._compile (node:internal/modules/cjs/loader:1256:14)\n    at Module._extensions..js (node:internal/modules/cjs/loader:1310:10)\n    at Module.load (node:internal/modules/cjs/loader:1119:32)\n    at Module._load (node:internal/modules/cjs/loader:960:12)\n    at Module.require (node:internal/modules/cjs/loader:1143:19)\n    at require (node:internal/modules/cjs/helpers:119:18)\n    at Object.<anonymous> (C:\\Users\\Public\\Downloads\\Alive-Innovation-Tech-Workspace\\user-service-api\\lib\\index.js:4:1)\n    at Module._compile (node:internal/modules/cjs/loader:1256:14)\n    at Module._extensions..js (node:internal/modules/cjs/loader:1310:10)\n    at Module.load (node:internal/modules/cjs/loader:1119:32)\n    at Module._load (node:internal/modules/cjs/loader:960:12)\n    at Module.require (node:internal/modules/cjs/loader:1143:19)\n    at require (node:internal/modules/cjs/helpers:119:18)\n    at Object.<anonymous> (C:\\Users\\Public\\Downloads\\Alive-Innovation-Tech-Workspace\\user-service-api\\workers\\BackgroundService.js:7:5)\n    at Module._compile (node:internal/modules/cjs/loader:1256:14)\n    at Module._extensions..js (node:internal/modules/cjs/loader:1310:10)","timestamp":"2025-08-08T12:58:18.479Z"}
{"error":"User.hasOne called with something that's not a subclass of Sequelize.Model","level":"error","message":"❌ Error setting up User:","stack":"Error: User.hasOne called with something that's not a subclass of Sequelize.Model\n    at User.<anonymous> (C:\\Users\\Public\\Downloads\\Alive-Innovation-Tech-Workspace\\user-service-api\\node_modules\\sequelize\\lib\\associations\\mixin.js:63:13)\n    at User.associate (C:\\Users\\Public\\Downloads\\Alive-Innovation-Tech-Workspace\\user-service-api\\app\\models\\UserModel.js:16:18)\n    at C:\\Users\\Public\\Downloads\\Alive-Innovation-Tech-Workspace\\user-service-api\\app\\models\\index.js:38:23\n    at Array.forEach (<anonymous>)\n    at module.exports (C:\\Users\\Public\\Downloads\\Alive-Innovation-Tech-Workspace\\user-service-api\\app\\models\\index.js:35:17)\n    at Object.<anonymous> (C:\\Users\\Public\\Downloads\\Alive-Innovation-Tech-Workspace\\user-service-api\\lib\\database.js:53:36)\n    at Module._compile (node:internal/modules/cjs/loader:1256:14)\n    at Module._extensions..js (node:internal/modules/cjs/loader:1310:10)\n    at Module.load (node:internal/modules/cjs/loader:1119:32)\n    at Module._load (node:internal/modules/cjs/loader:960:12)\n    at Module.require (node:internal/modules/cjs/loader:1143:19)\n    at require (node:internal/modules/cjs/helpers:119:18)\n    at Object.<anonymous> (C:\\Users\\Public\\Downloads\\Alive-Innovation-Tech-Workspace\\user-service-api\\lib\\index.js:4:1)\n    at Module._compile (node:internal/modules/cjs/loader:1256:14)\n    at Module._extensions..js (node:internal/modules/cjs/loader:1310:10)\n    at Module.load (node:internal/modules/cjs/loader:1119:32)\n    at Module._load (node:internal/modules/cjs/loader:960:12)\n    at Module.require (node:internal/modules/cjs/loader:1143:19)\n    at require (node:internal/modules/cjs/helpers:119:18)\n    at Object.<anonymous> (C:\\Users\\Public\\Downloads\\Alive-Innovation-Tech-Workspace\\user-service-api\\app.js:13:1)\n    at Module._compile (node:internal/modules/cjs/loader:1256:14)\n    at Module._extensions..js (node:internal/modules/cjs/loader:1310:10)","timestamp":"2025-08-08T12:58:55.250Z"}
{"error":"User.hasOne called with something that's not a subclass of Sequelize.Model","level":"error","message":"❌ Error setting up User:","stack":"Error: User.hasOne called with something that's not a subclass of Sequelize.Model\n    at User.<anonymous> (C:\\Users\\Public\\Downloads\\Alive-Innovation-Tech-Workspace\\user-service-api\\node_modules\\sequelize\\lib\\associations\\mixin.js:63:13)\n    at User.associate (C:\\Users\\Public\\Downloads\\Alive-Innovation-Tech-Workspace\\user-service-api\\app\\models\\UserModel.js:16:18)\n    at C:\\Users\\Public\\Downloads\\Alive-Innovation-Tech-Workspace\\user-service-api\\app\\models\\index.js:38:23\n    at Array.forEach (<anonymous>)\n    at module.exports (C:\\Users\\Public\\Downloads\\Alive-Innovation-Tech-Workspace\\user-service-api\\app\\models\\index.js:35:17)\n    at Object.<anonymous> (C:\\Users\\Public\\Downloads\\Alive-Innovation-Tech-Workspace\\user-service-api\\lib\\database.js:53:36)\n    at Module._compile (node:internal/modules/cjs/loader:1256:14)\n    at Module._extensions..js (node:internal/modules/cjs/loader:1310:10)\n    at Module.load (node:internal/modules/cjs/loader:1119:32)\n    at Module._load (node:internal/modules/cjs/loader:960:12)\n    at Module.require (node:internal/modules/cjs/loader:1143:19)\n    at require (node:internal/modules/cjs/helpers:119:18)\n    at Object.<anonymous> (C:\\Users\\Public\\Downloads\\Alive-Innovation-Tech-Workspace\\user-service-api\\lib\\index.js:4:1)\n    at Module._compile (node:internal/modules/cjs/loader:1256:14)\n    at Module._extensions..js (node:internal/modules/cjs/loader:1310:10)\n    at Module.load (node:internal/modules/cjs/loader:1119:32)\n    at Module._load (node:internal/modules/cjs/loader:960:12)\n    at Module.require (node:internal/modules/cjs/loader:1143:19)\n    at require (node:internal/modules/cjs/helpers:119:18)\n    at Object.<anonymous> (C:\\Users\\Public\\Downloads\\Alive-Innovation-Tech-Workspace\\user-service-api\\workers\\BackgroundService.js:7:5)\n    at Module._compile (node:internal/modules/cjs/loader:1256:14)\n    at Module._extensions..js (node:internal/modules/cjs/loader:1310:10)","timestamp":"2025-08-08T12:58:56.608Z"}
{"error":"User.hasOne called with something that's not a subclass of Sequelize.Model","level":"error","message":"❌ Error setting up User:","stack":"Error: User.hasOne called with something that's not a subclass of Sequelize.Model\n    at User.<anonymous> (C:\\Users\\Public\\Downloads\\Alive-Innovation-Tech-Workspace\\user-service-api\\node_modules\\sequelize\\lib\\associations\\mixin.js:63:13)\n    at User.associate (C:\\Users\\Public\\Downloads\\Alive-Innovation-Tech-Workspace\\user-service-api\\app\\models\\UserModel.js:16:18)\n    at C:\\Users\\Public\\Downloads\\Alive-Innovation-Tech-Workspace\\user-service-api\\app\\models\\index.js:38:23\n    at Array.forEach (<anonymous>)\n    at module.exports (C:\\Users\\Public\\Downloads\\Alive-Innovation-Tech-Workspace\\user-service-api\\app\\models\\index.js:35:17)\n    at Object.<anonymous> (C:\\Users\\Public\\Downloads\\Alive-Innovation-Tech-Workspace\\user-service-api\\lib\\database.js:52:36)\n    at Module._compile (node:internal/modules/cjs/loader:1256:14)\n    at Module._extensions..js (node:internal/modules/cjs/loader:1310:10)\n    at Module.load (node:internal/modules/cjs/loader:1119:32)\n    at Module._load (node:internal/modules/cjs/loader:960:12)\n    at Module.require (node:internal/modules/cjs/loader:1143:19)\n    at require (node:internal/modules/cjs/helpers:119:18)\n    at Object.<anonymous> (C:\\Users\\Public\\Downloads\\Alive-Innovation-Tech-Workspace\\user-service-api\\lib\\index.js:4:1)\n    at Module._compile (node:internal/modules/cjs/loader:1256:14)\n    at Module._extensions..js (node:internal/modules/cjs/loader:1310:10)\n    at Module.load (node:internal/modules/cjs/loader:1119:32)\n    at Module._load (node:internal/modules/cjs/loader:960:12)\n    at Module.require (node:internal/modules/cjs/loader:1143:19)\n    at require (node:internal/modules/cjs/helpers:119:18)\n    at Object.<anonymous> (C:\\Users\\Public\\Downloads\\Alive-Innovation-Tech-Workspace\\user-service-api\\app.js:13:1)\n    at Module._compile (node:internal/modules/cjs/loader:1256:14)\n    at Module._extensions..js (node:internal/modules/cjs/loader:1310:10)","timestamp":"2025-08-08T13:04:30.552Z"}
{"error":"User.hasOne called with something that's not a subclass of Sequelize.Model","level":"error","message":"❌ Error setting up User:","stack":"Error: User.hasOne called with something that's not a subclass of Sequelize.Model\n    at User.<anonymous> (C:\\Users\\Public\\Downloads\\Alive-Innovation-Tech-Workspace\\user-service-api\\node_modules\\sequelize\\lib\\associations\\mixin.js:63:13)\n    at User.associate (C:\\Users\\Public\\Downloads\\Alive-Innovation-Tech-Workspace\\user-service-api\\app\\models\\UserModel.js:16:18)\n    at C:\\Users\\Public\\Downloads\\Alive-Innovation-Tech-Workspace\\user-service-api\\app\\models\\index.js:38:23\n    at Array.forEach (<anonymous>)\n    at module.exports (C:\\Users\\Public\\Downloads\\Alive-Innovation-Tech-Workspace\\user-service-api\\app\\models\\index.js:35:17)\n    at Object.<anonymous> (C:\\Users\\Public\\Downloads\\Alive-Innovation-Tech-Workspace\\user-service-api\\lib\\database.js:52:36)\n    at Module._compile (node:internal/modules/cjs/loader:1256:14)\n    at Module._extensions..js (node:internal/modules/cjs/loader:1310:10)\n    at Module.load (node:internal/modules/cjs/loader:1119:32)\n    at Module._load (node:internal/modules/cjs/loader:960:12)\n    at Module.require (node:internal/modules/cjs/loader:1143:19)\n    at require (node:internal/modules/cjs/helpers:119:18)\n    at Object.<anonymous> (C:\\Users\\Public\\Downloads\\Alive-Innovation-Tech-Workspace\\user-service-api\\lib\\index.js:4:1)\n    at Module._compile (node:internal/modules/cjs/loader:1256:14)\n    at Module._extensions..js (node:internal/modules/cjs/loader:1310:10)\n    at Module.load (node:internal/modules/cjs/loader:1119:32)\n    at Module._load (node:internal/modules/cjs/loader:960:12)\n    at Module.require (node:internal/modules/cjs/loader:1143:19)\n    at require (node:internal/modules/cjs/helpers:119:18)\n    at Object.<anonymous> (C:\\Users\\Public\\Downloads\\Alive-Innovation-Tech-Workspace\\user-service-api\\workers\\BackgroundService.js:7:5)\n    at Module._compile (node:internal/modules/cjs/loader:1256:14)\n    at Module._extensions..js (node:internal/modules/cjs/loader:1310:10)","timestamp":"2025-08-08T13:04:31.837Z"}
{"level":"error","message":"❌ Error associating User: User.hasOne called with something that's not a subclass of Sequelize.Model","stack":"Error: User.hasOne called with something that's not a subclass of Sequelize.Model\n    at User.<anonymous> (C:\\Users\\Public\\Downloads\\Alive-Innovation-Tech-Workspace\\user-service-api\\node_modules\\sequelize\\lib\\associations\\mixin.js:63:13)\n    at User.associate (C:\\Users\\Public\\Downloads\\Alive-Innovation-Tech-Workspace\\user-service-api\\app\\models\\UserModel.js:16:18)\n    at C:\\Users\\Public\\Downloads\\Alive-Innovation-Tech-Workspace\\user-service-api\\app\\models\\index.js:52:23\n    at Array.forEach (<anonymous>)\n    at module.exports (C:\\Users\\Public\\Downloads\\Alive-Innovation-Tech-Workspace\\user-service-api\\app\\models\\index.js:48:19)\n    at Object.<anonymous> (C:\\Users\\Public\\Downloads\\Alive-Innovation-Tech-Workspace\\user-service-api\\lib\\database.js:52:36)\n    at Module._compile (node:internal/modules/cjs/loader:1256:14)\n    at Module._extensions..js (node:internal/modules/cjs/loader:1310:10)\n    at Module.load (node:internal/modules/cjs/loader:1119:32)\n    at Module._load (node:internal/modules/cjs/loader:960:12)\n    at Module.require (node:internal/modules/cjs/loader:1143:19)\n    at require (node:internal/modules/cjs/helpers:119:18)\n    at Object.<anonymous> (C:\\Users\\Public\\Downloads\\Alive-Innovation-Tech-Workspace\\user-service-api\\lib\\index.js:4:1)\n    at Module._compile (node:internal/modules/cjs/loader:1256:14)\n    at Module._extensions..js (node:internal/modules/cjs/loader:1310:10)\n    at Module.load (node:internal/modules/cjs/loader:1119:32)\n    at Module._load (node:internal/modules/cjs/loader:960:12)\n    at Module.require (node:internal/modules/cjs/loader:1143:19)\n    at require (node:internal/modules/cjs/helpers:119:18)\n    at Object.<anonymous> (C:\\Users\\Public\\Downloads\\Alive-Innovation-Tech-Workspace\\user-service-api\\app.js:13:1)\n    at Module._compile (node:internal/modules/cjs/loader:1256:14)\n    at Module._extensions..js (node:internal/modules/cjs/loader:1310:10)","timestamp":"2025-08-08T13:12:39.720Z"}
{"level":"error","message":"❌ Error associating User: User.hasOne called with something that's not a subclass of Sequelize.Model","stack":"Error: User.hasOne called with something that's not a subclass of Sequelize.Model\n    at User.<anonymous> (C:\\Users\\Public\\Downloads\\Alive-Innovation-Tech-Workspace\\user-service-api\\node_modules\\sequelize\\lib\\associations\\mixin.js:63:13)\n    at User.associate (C:\\Users\\Public\\Downloads\\Alive-Innovation-Tech-Workspace\\user-service-api\\app\\models\\UserModel.js:16:18)\n    at C:\\Users\\Public\\Downloads\\Alive-Innovation-Tech-Workspace\\user-service-api\\app\\models\\index.js:52:23\n    at Array.forEach (<anonymous>)\n    at module.exports (C:\\Users\\Public\\Downloads\\Alive-Innovation-Tech-Workspace\\user-service-api\\app\\models\\index.js:48:19)\n    at Object.<anonymous> (C:\\Users\\Public\\Downloads\\Alive-Innovation-Tech-Workspace\\user-service-api\\lib\\database.js:52:36)\n    at Module._compile (node:internal/modules/cjs/loader:1256:14)\n    at Module._extensions..js (node:internal/modules/cjs/loader:1310:10)\n    at Module.load (node:internal/modules/cjs/loader:1119:32)\n    at Module._load (node:internal/modules/cjs/loader:960:12)\n    at Module.require (node:internal/modules/cjs/loader:1143:19)\n    at require (node:internal/modules/cjs/helpers:119:18)\n    at Object.<anonymous> (C:\\Users\\Public\\Downloads\\Alive-Innovation-Tech-Workspace\\user-service-api\\lib\\index.js:4:1)\n    at Module._compile (node:internal/modules/cjs/loader:1256:14)\n    at Module._extensions..js (node:internal/modules/cjs/loader:1310:10)\n    at Module.load (node:internal/modules/cjs/loader:1119:32)\n    at Module._load (node:internal/modules/cjs/loader:960:12)\n    at Module.require (node:internal/modules/cjs/loader:1143:19)\n    at require (node:internal/modules/cjs/helpers:119:18)\n    at Object.<anonymous> (C:\\Users\\Public\\Downloads\\Alive-Innovation-Tech-Workspace\\user-service-api\\workers\\BackgroundService.js:7:5)\n    at Module._compile (node:internal/modules/cjs/loader:1256:14)\n    at Module._extensions..js (node:internal/modules/cjs/loader:1310:10)","timestamp":"2025-08-08T13:12:41.397Z"}
{"level":"error","message":"❌ Error associating User: User.hasOne called with something that's not a subclass of Sequelize.Model","stack":"Error: User.hasOne called with something that's not a subclass of Sequelize.Model\n    at User.<anonymous> (C:\\Users\\Public\\Downloads\\Alive-Innovation-Tech-Workspace\\user-service-api\\node_modules\\sequelize\\lib\\associations\\mixin.js:63:13)\n    at User.associate (C:\\Users\\Public\\Downloads\\Alive-Innovation-Tech-Workspace\\user-service-api\\app\\models\\UserModel.js:16:18)\n    at C:\\Users\\Public\\Downloads\\Alive-Innovation-Tech-Workspace\\user-service-api\\app\\models\\index.js:52:23\n    at Array.forEach (<anonymous>)\n    at module.exports (C:\\Users\\Public\\Downloads\\Alive-Innovation-Tech-Workspace\\user-service-api\\app\\models\\index.js:48:19)\n    at Object.<anonymous> (C:\\Users\\Public\\Downloads\\Alive-Innovation-Tech-Workspace\\user-service-api\\lib\\database.js:53:36)\n    at Module._compile (node:internal/modules/cjs/loader:1256:14)\n    at Module._extensions..js (node:internal/modules/cjs/loader:1310:10)\n    at Module.load (node:internal/modules/cjs/loader:1119:32)\n    at Module._load (node:internal/modules/cjs/loader:960:12)\n    at Module.require (node:internal/modules/cjs/loader:1143:19)\n    at require (node:internal/modules/cjs/helpers:119:18)\n    at Object.<anonymous> (C:\\Users\\Public\\Downloads\\Alive-Innovation-Tech-Workspace\\user-service-api\\lib\\index.js:4:1)\n    at Module._compile (node:internal/modules/cjs/loader:1256:14)\n    at Module._extensions..js (node:internal/modules/cjs/loader:1310:10)\n    at Module.load (node:internal/modules/cjs/loader:1119:32)\n    at Module._load (node:internal/modules/cjs/loader:960:12)\n    at Module.require (node:internal/modules/cjs/loader:1143:19)\n    at require (node:internal/modules/cjs/helpers:119:18)\n    at Object.<anonymous> (C:\\Users\\Public\\Downloads\\Alive-Innovation-Tech-Workspace\\user-service-api\\app.js:13:1)\n    at Module._compile (node:internal/modules/cjs/loader:1256:14)\n    at Module._extensions..js (node:internal/modules/cjs/loader:1310:10)","timestamp":"2025-08-08T13:13:10.969Z"}
{"level":"error","message":"❌ Error associating User: User.hasOne called with something that's not a subclass of Sequelize.Model","stack":"Error: User.hasOne called with something that's not a subclass of Sequelize.Model\n    at User.<anonymous> (C:\\Users\\Public\\Downloads\\Alive-Innovation-Tech-Workspace\\user-service-api\\node_modules\\sequelize\\lib\\associations\\mixin.js:63:13)\n    at User.associate (C:\\Users\\Public\\Downloads\\Alive-Innovation-Tech-Workspace\\user-service-api\\app\\models\\UserModel.js:16:18)\n    at C:\\Users\\Public\\Downloads\\Alive-Innovation-Tech-Workspace\\user-service-api\\app\\models\\index.js:52:23\n    at Array.forEach (<anonymous>)\n    at module.exports (C:\\Users\\Public\\Downloads\\Alive-Innovation-Tech-Workspace\\user-service-api\\app\\models\\index.js:48:19)\n    at Object.<anonymous> (C:\\Users\\Public\\Downloads\\Alive-Innovation-Tech-Workspace\\user-service-api\\lib\\database.js:53:36)\n    at Module._compile (node:internal/modules/cjs/loader:1256:14)\n    at Module._extensions..js (node:internal/modules/cjs/loader:1310:10)\n    at Module.load (node:internal/modules/cjs/loader:1119:32)\n    at Module._load (node:internal/modules/cjs/loader:960:12)\n    at Module.require (node:internal/modules/cjs/loader:1143:19)\n    at require (node:internal/modules/cjs/helpers:119:18)\n    at Object.<anonymous> (C:\\Users\\Public\\Downloads\\Alive-Innovation-Tech-Workspace\\user-service-api\\lib\\index.js:4:1)\n    at Module._compile (node:internal/modules/cjs/loader:1256:14)\n    at Module._extensions..js (node:internal/modules/cjs/loader:1310:10)\n    at Module.load (node:internal/modules/cjs/loader:1119:32)\n    at Module._load (node:internal/modules/cjs/loader:960:12)\n    at Module.require (node:internal/modules/cjs/loader:1143:19)\n    at require (node:internal/modules/cjs/helpers:119:18)\n    at Object.<anonymous> (C:\\Users\\Public\\Downloads\\Alive-Innovation-Tech-Workspace\\user-service-api\\workers\\BackgroundService.js:7:5)\n    at Module._compile (node:internal/modules/cjs/loader:1256:14)\n    at Module._extensions..js (node:internal/modules/cjs/loader:1310:10)","timestamp":"2025-08-08T13:13:12.582Z"}
{"level":"error","message":"❌ Error associating User: User.hasOne called with something that's not a subclass of Sequelize.Model","stack":"Error: User.hasOne called with something that's not a subclass of Sequelize.Model\n    at User.<anonymous> (C:\\Users\\Public\\Downloads\\Alive-Innovation-Tech-Workspace\\user-service-api\\node_modules\\sequelize\\lib\\associations\\mixin.js:63:13)\n    at User.associate (C:\\Users\\Public\\Downloads\\Alive-Innovation-Tech-Workspace\\user-service-api\\app\\models\\UserModel.js:16:18)\n    at C:\\Users\\Public\\Downloads\\Alive-Innovation-Tech-Workspace\\user-service-api\\app\\models\\index.js:52:23\n    at Array.forEach (<anonymous>)\n    at module.exports (C:\\Users\\Public\\Downloads\\Alive-Innovation-Tech-Workspace\\user-service-api\\app\\models\\index.js:48:19)\n    at Object.<anonymous> (C:\\Users\\Public\\Downloads\\Alive-Innovation-Tech-Workspace\\user-service-api\\lib\\database.js:53:36)\n    at Module._compile (node:internal/modules/cjs/loader:1256:14)\n    at Module._extensions..js (node:internal/modules/cjs/loader:1310:10)\n    at Module.load (node:internal/modules/cjs/loader:1119:32)\n    at Module._load (node:internal/modules/cjs/loader:960:12)\n    at Module.require (node:internal/modules/cjs/loader:1143:19)\n    at require (node:internal/modules/cjs/helpers:119:18)\n    at Object.<anonymous> (C:\\Users\\Public\\Downloads\\Alive-Innovation-Tech-Workspace\\user-service-api\\lib\\index.js:4:1)\n    at Module._compile (node:internal/modules/cjs/loader:1256:14)\n    at Module._extensions..js (node:internal/modules/cjs/loader:1310:10)\n    at Module.load (node:internal/modules/cjs/loader:1119:32)\n    at Module._load (node:internal/modules/cjs/loader:960:12)\n    at Module.require (node:internal/modules/cjs/loader:1143:19)\n    at require (node:internal/modules/cjs/helpers:119:18)\n    at Object.<anonymous> (C:\\Users\\Public\\Downloads\\Alive-Innovation-Tech-Workspace\\user-service-api\\app.js:13:1)\n    at Module._compile (node:internal/modules/cjs/loader:1256:14)\n    at Module._extensions..js (node:internal/modules/cjs/loader:1310:10)","timestamp":"2025-08-08T13:13:21.488Z"}
{"level":"error","message":"❌ Error associating User: User.hasOne called with something that's not a subclass of Sequelize.Model","stack":"Error: User.hasOne called with something that's not a subclass of Sequelize.Model\n    at User.<anonymous> (C:\\Users\\Public\\Downloads\\Alive-Innovation-Tech-Workspace\\user-service-api\\node_modules\\sequelize\\lib\\associations\\mixin.js:63:13)\n    at User.associate (C:\\Users\\Public\\Downloads\\Alive-Innovation-Tech-Workspace\\user-service-api\\app\\models\\UserModel.js:16:18)\n    at C:\\Users\\Public\\Downloads\\Alive-Innovation-Tech-Workspace\\user-service-api\\app\\models\\index.js:52:23\n    at Array.forEach (<anonymous>)\n    at module.exports (C:\\Users\\Public\\Downloads\\Alive-Innovation-Tech-Workspace\\user-service-api\\app\\models\\index.js:48:19)\n    at Object.<anonymous> (C:\\Users\\Public\\Downloads\\Alive-Innovation-Tech-Workspace\\user-service-api\\lib\\database.js:53:36)\n    at Module._compile (node:internal/modules/cjs/loader:1256:14)\n    at Module._extensions..js (node:internal/modules/cjs/loader:1310:10)\n    at Module.load (node:internal/modules/cjs/loader:1119:32)\n    at Module._load (node:internal/modules/cjs/loader:960:12)\n    at Module.require (node:internal/modules/cjs/loader:1143:19)\n    at require (node:internal/modules/cjs/helpers:119:18)\n    at Object.<anonymous> (C:\\Users\\Public\\Downloads\\Alive-Innovation-Tech-Workspace\\user-service-api\\lib\\index.js:4:1)\n    at Module._compile (node:internal/modules/cjs/loader:1256:14)\n    at Module._extensions..js (node:internal/modules/cjs/loader:1310:10)\n    at Module.load (node:internal/modules/cjs/loader:1119:32)\n    at Module._load (node:internal/modules/cjs/loader:960:12)\n    at Module.require (node:internal/modules/cjs/loader:1143:19)\n    at require (node:internal/modules/cjs/helpers:119:18)\n    at Object.<anonymous> (C:\\Users\\Public\\Downloads\\Alive-Innovation-Tech-Workspace\\user-service-api\\workers\\BackgroundService.js:7:5)\n    at Module._compile (node:internal/modules/cjs/loader:1256:14)\n    at Module._extensions..js (node:internal/modules/cjs/loader:1310:10)","timestamp":"2025-08-08T13:13:22.869Z"}
{"level":"error","message":"❌ Error associating User: User.hasOne called with something that's not a subclass of Sequelize.Model","stack":"Error: User.hasOne called with something that's not a subclass of Sequelize.Model\n    at User.<anonymous> (C:\\Users\\Public\\Downloads\\Alive-Innovation-Tech-Workspace\\user-service-api\\node_modules\\sequelize\\lib\\associations\\mixin.js:63:13)\n    at User.associate (C:\\Users\\Public\\Downloads\\Alive-Innovation-Tech-Workspace\\user-service-api\\app\\models\\UserModel.js:16:18)\n    at C:\\Users\\Public\\Downloads\\Alive-Innovation-Tech-Workspace\\user-service-api\\app\\models\\index.js:52:23\n    at Array.forEach (<anonymous>)\n    at module.exports (C:\\Users\\Public\\Downloads\\Alive-Innovation-Tech-Workspace\\user-service-api\\app\\models\\index.js:48:19)\n    at Object.<anonymous> (C:\\Users\\Public\\Downloads\\Alive-Innovation-Tech-Workspace\\user-service-api\\lib\\database.js:50:42)\n    at Module._compile (node:internal/modules/cjs/loader:1256:14)\n    at Module._extensions..js (node:internal/modules/cjs/loader:1310:10)\n    at Module.load (node:internal/modules/cjs/loader:1119:32)\n    at Module._load (node:internal/modules/cjs/loader:960:12)\n    at Module.require (node:internal/modules/cjs/loader:1143:19)\n    at require (node:internal/modules/cjs/helpers:119:18)\n    at Object.<anonymous> (C:\\Users\\Public\\Downloads\\Alive-Innovation-Tech-Workspace\\user-service-api\\lib\\index.js:4:1)\n    at Module._compile (node:internal/modules/cjs/loader:1256:14)\n    at Module._extensions..js (node:internal/modules/cjs/loader:1310:10)\n    at Module.load (node:internal/modules/cjs/loader:1119:32)\n    at Module._load (node:internal/modules/cjs/loader:960:12)\n    at Module.require (node:internal/modules/cjs/loader:1143:19)\n    at require (node:internal/modules/cjs/helpers:119:18)\n    at Object.<anonymous> (C:\\Users\\Public\\Downloads\\Alive-Innovation-Tech-Workspace\\user-service-api\\app.js:13:1)\n    at Module._compile (node:internal/modules/cjs/loader:1256:14)\n    at Module._extensions..js (node:internal/modules/cjs/loader:1310:10)","timestamp":"2025-08-08T13:15:51.740Z"}
{"level":"error","message":"❌ Error associating User: User.hasOne called with something that's not a subclass of Sequelize.Model","stack":"Error: User.hasOne called with something that's not a subclass of Sequelize.Model\n    at User.<anonymous> (C:\\Users\\Public\\Downloads\\Alive-Innovation-Tech-Workspace\\user-service-api\\node_modules\\sequelize\\lib\\associations\\mixin.js:63:13)\n    at User.associate (C:\\Users\\Public\\Downloads\\Alive-Innovation-Tech-Workspace\\user-service-api\\app\\models\\UserModel.js:16:18)\n    at C:\\Users\\Public\\Downloads\\Alive-Innovation-Tech-Workspace\\user-service-api\\app\\models\\index.js:52:23\n    at Array.forEach (<anonymous>)\n    at module.exports (C:\\Users\\Public\\Downloads\\Alive-Innovation-Tech-Workspace\\user-service-api\\app\\models\\index.js:48:19)\n    at Object.<anonymous> (C:\\Users\\Public\\Downloads\\Alive-Innovation-Tech-Workspace\\user-service-api\\lib\\database.js:50:42)\n    at Module._compile (node:internal/modules/cjs/loader:1256:14)\n    at Module._extensions..js (node:internal/modules/cjs/loader:1310:10)\n    at Module.load (node:internal/modules/cjs/loader:1119:32)\n    at Module._load (node:internal/modules/cjs/loader:960:12)\n    at Module.require (node:internal/modules/cjs/loader:1143:19)\n    at require (node:internal/modules/cjs/helpers:119:18)\n    at Object.<anonymous> (C:\\Users\\Public\\Downloads\\Alive-Innovation-Tech-Workspace\\user-service-api\\lib\\index.js:4:1)\n    at Module._compile (node:internal/modules/cjs/loader:1256:14)\n    at Module._extensions..js (node:internal/modules/cjs/loader:1310:10)\n    at Module.load (node:internal/modules/cjs/loader:1119:32)\n    at Module._load (node:internal/modules/cjs/loader:960:12)\n    at Module.require (node:internal/modules/cjs/loader:1143:19)\n    at require (node:internal/modules/cjs/helpers:119:18)\n    at Object.<anonymous> (C:\\Users\\Public\\Downloads\\Alive-Innovation-Tech-Workspace\\user-service-api\\workers\\BackgroundService.js:7:5)\n    at Module._compile (node:internal/modules/cjs/loader:1256:14)\n    at Module._extensions..js (node:internal/modules/cjs/loader:1310:10)","timestamp":"2025-08-08T13:15:53.342Z"}
{"level":"error","message":"❌ Error associating User: User.hasOne called with something that's not a subclass of Sequelize.Model","stack":"Error: User.hasOne called with something that's not a subclass of Sequelize.Model\n    at User.<anonymous> (C:\\Users\\Public\\Downloads\\Alive-Innovation-Tech-Workspace\\user-service-api\\node_modules\\sequelize\\lib\\associations\\mixin.js:63:13)\n    at User.associate (C:\\Users\\Public\\Downloads\\Alive-Innovation-Tech-Workspace\\user-service-api\\app\\models\\UserModel.js:16:18)\n    at C:\\Users\\Public\\Downloads\\Alive-Innovation-Tech-Workspace\\user-service-api\\app\\models\\index.js:52:23\n    at Array.forEach (<anonymous>)\n    at module.exports (C:\\Users\\Public\\Downloads\\Alive-Innovation-Tech-Workspace\\user-service-api\\app\\models\\index.js:48:19)\n    at Object.<anonymous> (C:\\Users\\Public\\Downloads\\Alive-Innovation-Tech-Workspace\\user-service-api\\lib\\database.js:50:42)\n    at Module._compile (node:internal/modules/cjs/loader:1256:14)\n    at Module._extensions..js (node:internal/modules/cjs/loader:1310:10)\n    at Module.load (node:internal/modules/cjs/loader:1119:32)\n    at Module._load (node:internal/modules/cjs/loader:960:12)\n    at Module.require (node:internal/modules/cjs/loader:1143:19)\n    at require (node:internal/modules/cjs/helpers:119:18)\n    at Object.<anonymous> (C:\\Users\\Public\\Downloads\\Alive-Innovation-Tech-Workspace\\user-service-api\\lib\\index.js:4:1)\n    at Module._compile (node:internal/modules/cjs/loader:1256:14)\n    at Module._extensions..js (node:internal/modules/cjs/loader:1310:10)\n    at Module.load (node:internal/modules/cjs/loader:1119:32)\n    at Module._load (node:internal/modules/cjs/loader:960:12)\n    at Module.require (node:internal/modules/cjs/loader:1143:19)\n    at require (node:internal/modules/cjs/helpers:119:18)\n    at Object.<anonymous> (C:\\Users\\Public\\Downloads\\Alive-Innovation-Tech-Workspace\\user-service-api\\app.js:13:1)\n    at Module._compile (node:internal/modules/cjs/loader:1256:14)\n    at Module._extensions..js (node:internal/modules/cjs/loader:1310:10)","timestamp":"2025-08-08T13:17:28.659Z"}
{"level":"error","message":"❌ Error associating User: User.hasOne called with something that's not a subclass of Sequelize.Model","stack":"Error: User.hasOne called with something that's not a subclass of Sequelize.Model\n    at User.<anonymous> (C:\\Users\\Public\\Downloads\\Alive-Innovation-Tech-Workspace\\user-service-api\\node_modules\\sequelize\\lib\\associations\\mixin.js:63:13)\n    at User.associate (C:\\Users\\Public\\Downloads\\Alive-Innovation-Tech-Workspace\\user-service-api\\app\\models\\UserModel.js:16:18)\n    at C:\\Users\\Public\\Downloads\\Alive-Innovation-Tech-Workspace\\user-service-api\\app\\models\\index.js:52:23\n    at Array.forEach (<anonymous>)\n    at module.exports (C:\\Users\\Public\\Downloads\\Alive-Innovation-Tech-Workspace\\user-service-api\\app\\models\\index.js:48:19)\n    at Object.<anonymous> (C:\\Users\\Public\\Downloads\\Alive-Innovation-Tech-Workspace\\user-service-api\\lib\\database.js:50:42)\n    at Module._compile (node:internal/modules/cjs/loader:1256:14)\n    at Module._extensions..js (node:internal/modules/cjs/loader:1310:10)\n    at Module.load (node:internal/modules/cjs/loader:1119:32)\n    at Module._load (node:internal/modules/cjs/loader:960:12)\n    at Module.require (node:internal/modules/cjs/loader:1143:19)\n    at require (node:internal/modules/cjs/helpers:119:18)\n    at Object.<anonymous> (C:\\Users\\Public\\Downloads\\Alive-Innovation-Tech-Workspace\\user-service-api\\lib\\index.js:4:1)\n    at Module._compile (node:internal/modules/cjs/loader:1256:14)\n    at Module._extensions..js (node:internal/modules/cjs/loader:1310:10)\n    at Module.load (node:internal/modules/cjs/loader:1119:32)\n    at Module._load (node:internal/modules/cjs/loader:960:12)\n    at Module.require (node:internal/modules/cjs/loader:1143:19)\n    at require (node:internal/modules/cjs/helpers:119:18)\n    at Object.<anonymous> (C:\\Users\\Public\\Downloads\\Alive-Innovation-Tech-Workspace\\user-service-api\\workers\\BackgroundService.js:7:5)\n    at Module._compile (node:internal/modules/cjs/loader:1256:14)\n    at Module._extensions..js (node:internal/modules/cjs/loader:1310:10)","timestamp":"2025-08-08T13:17:31.198Z"}
{"level":"error","message":"❌ Error associating User: User.hasOne called with something that's not a subclass of Sequelize.Model","stack":"Error: User.hasOne called with something that's not a subclass of Sequelize.Model\n    at User.<anonymous> (C:\\Users\\Public\\Downloads\\Alive-Innovation-Tech-Workspace\\user-service-api\\node_modules\\sequelize\\lib\\associations\\mixin.js:63:13)\n    at User.associate (C:\\Users\\Public\\Downloads\\Alive-Innovation-Tech-Workspace\\user-service-api\\app\\models\\UserModel.js:16:18)\n    at C:\\Users\\Public\\Downloads\\Alive-Innovation-Tech-Workspace\\user-service-api\\app\\models\\index.js:52:23\n    at Array.forEach (<anonymous>)\n    at module.exports (C:\\Users\\Public\\Downloads\\Alive-Innovation-Tech-Workspace\\user-service-api\\app\\models\\index.js:48:19)\n    at Object.<anonymous> (C:\\Users\\Public\\Downloads\\Alive-Innovation-Tech-Workspace\\user-service-api\\lib\\database.js:50:42)\n    at Module._compile (node:internal/modules/cjs/loader:1256:14)\n    at Module._extensions..js (node:internal/modules/cjs/loader:1310:10)\n    at Module.load (node:internal/modules/cjs/loader:1119:32)\n    at Module._load (node:internal/modules/cjs/loader:960:12)\n    at Module.require (node:internal/modules/cjs/loader:1143:19)\n    at require (node:internal/modules/cjs/helpers:119:18)\n    at Object.<anonymous> (C:\\Users\\Public\\Downloads\\Alive-Innovation-Tech-Workspace\\user-service-api\\lib\\index.js:4:1)\n    at Module._compile (node:internal/modules/cjs/loader:1256:14)\n    at Module._extensions..js (node:internal/modules/cjs/loader:1310:10)\n    at Module.load (node:internal/modules/cjs/loader:1119:32)\n    at Module._load (node:internal/modules/cjs/loader:960:12)\n    at Module.require (node:internal/modules/cjs/loader:1143:19)\n    at require (node:internal/modules/cjs/helpers:119:18)\n    at Object.<anonymous> (C:\\Users\\Public\\Downloads\\Alive-Innovation-Tech-Workspace\\user-service-api\\app.js:13:1)\n    at Module._compile (node:internal/modules/cjs/loader:1256:14)\n    at Module._extensions..js (node:internal/modules/cjs/loader:1310:10)","timestamp":"2025-08-08T13:19:44.843Z"}
{"level":"error","message":"❌ Error associating User: User.hasOne called with something that's not a subclass of Sequelize.Model","stack":"Error: User.hasOne called with something that's not a subclass of Sequelize.Model\n    at User.<anonymous> (C:\\Users\\Public\\Downloads\\Alive-Innovation-Tech-Workspace\\user-service-api\\node_modules\\sequelize\\lib\\associations\\mixin.js:63:13)\n    at User.associate (C:\\Users\\Public\\Downloads\\Alive-Innovation-Tech-Workspace\\user-service-api\\app\\models\\UserModel.js:16:18)\n    at C:\\Users\\Public\\Downloads\\Alive-Innovation-Tech-Workspace\\user-service-api\\app\\models\\index.js:52:23\n    at Array.forEach (<anonymous>)\n    at module.exports (C:\\Users\\Public\\Downloads\\Alive-Innovation-Tech-Workspace\\user-service-api\\app\\models\\index.js:48:19)\n    at Object.<anonymous> (C:\\Users\\Public\\Downloads\\Alive-Innovation-Tech-Workspace\\user-service-api\\lib\\database.js:50:42)\n    at Module._compile (node:internal/modules/cjs/loader:1256:14)\n    at Module._extensions..js (node:internal/modules/cjs/loader:1310:10)\n    at Module.load (node:internal/modules/cjs/loader:1119:32)\n    at Module._load (node:internal/modules/cjs/loader:960:12)\n    at Module.require (node:internal/modules/cjs/loader:1143:19)\n    at require (node:internal/modules/cjs/helpers:119:18)\n    at Object.<anonymous> (C:\\Users\\Public\\Downloads\\Alive-Innovation-Tech-Workspace\\user-service-api\\lib\\index.js:4:1)\n    at Module._compile (node:internal/modules/cjs/loader:1256:14)\n    at Module._extensions..js (node:internal/modules/cjs/loader:1310:10)\n    at Module.load (node:internal/modules/cjs/loader:1119:32)\n    at Module._load (node:internal/modules/cjs/loader:960:12)\n    at Module.require (node:internal/modules/cjs/loader:1143:19)\n    at require (node:internal/modules/cjs/helpers:119:18)\n    at Object.<anonymous> (C:\\Users\\Public\\Downloads\\Alive-Innovation-Tech-Workspace\\user-service-api\\workers\\BackgroundService.js:7:5)\n    at Module._compile (node:internal/modules/cjs/loader:1256:14)\n    at Module._extensions..js (node:internal/modules/cjs/loader:1310:10)","timestamp":"2025-08-08T13:19:47.805Z"}
{"level":"error","message":"❌ Error associating User: User.hasOne called with something that's not a subclass of Sequelize.Model","stack":"Error: User.hasOne called with something that's not a subclass of Sequelize.Model\n    at User.<anonymous> (C:\\Users\\Public\\Downloads\\Alive-Innovation-Tech-Workspace\\user-service-api\\node_modules\\sequelize\\lib\\associations\\mixin.js:63:13)\n    at User.associate (C:\\Users\\Public\\Downloads\\Alive-Innovation-Tech-Workspace\\user-service-api\\app\\models\\UserModel.js:23:18)\n    at C:\\Users\\Public\\Downloads\\Alive-Innovation-Tech-Workspace\\user-service-api\\app\\models\\index.js:52:23\n    at Array.forEach (<anonymous>)\n    at module.exports (C:\\Users\\Public\\Downloads\\Alive-Innovation-Tech-Workspace\\user-service-api\\app\\models\\index.js:48:19)\n    at Object.<anonymous> (C:\\Users\\Public\\Downloads\\Alive-Innovation-Tech-Workspace\\user-service-api\\lib\\database.js:50:42)\n    at Module._compile (node:internal/modules/cjs/loader:1256:14)\n    at Module._extensions..js (node:internal/modules/cjs/loader:1310:10)\n    at Module.load (node:internal/modules/cjs/loader:1119:32)\n    at Module._load (node:internal/modules/cjs/loader:960:12)\n    at Module.require (node:internal/modules/cjs/loader:1143:19)\n    at require (node:internal/modules/cjs/helpers:119:18)\n    at Object.<anonymous> (C:\\Users\\Public\\Downloads\\Alive-Innovation-Tech-Workspace\\user-service-api\\lib\\index.js:4:1)\n    at Module._compile (node:internal/modules/cjs/loader:1256:14)\n    at Module._extensions..js (node:internal/modules/cjs/loader:1310:10)\n    at Module.load (node:internal/modules/cjs/loader:1119:32)\n    at Module._load (node:internal/modules/cjs/loader:960:12)\n    at Module.require (node:internal/modules/cjs/loader:1143:19)\n    at require (node:internal/modules/cjs/helpers:119:18)\n    at Object.<anonymous> (C:\\Users\\Public\\Downloads\\Alive-Innovation-Tech-Workspace\\user-service-api\\app.js:13:1)\n    at Module._compile (node:internal/modules/cjs/loader:1256:14)\n    at Module._extensions..js (node:internal/modules/cjs/loader:1310:10)","timestamp":"2025-08-08T13:21:13.571Z"}
{"level":"error","message":"❌ Error associating User: User.hasOne called with something that's not a subclass of Sequelize.Model","stack":"Error: User.hasOne called with something that's not a subclass of Sequelize.Model\n    at User.<anonymous> (C:\\Users\\Public\\Downloads\\Alive-Innovation-Tech-Workspace\\user-service-api\\node_modules\\sequelize\\lib\\associations\\mixin.js:63:13)\n    at User.associate (C:\\Users\\Public\\Downloads\\Alive-Innovation-Tech-Workspace\\user-service-api\\app\\models\\UserModel.js:23:18)\n    at C:\\Users\\Public\\Downloads\\Alive-Innovation-Tech-Workspace\\user-service-api\\app\\models\\index.js:52:23\n    at Array.forEach (<anonymous>)\n    at module.exports (C:\\Users\\Public\\Downloads\\Alive-Innovation-Tech-Workspace\\user-service-api\\app\\models\\index.js:48:19)\n    at Object.<anonymous> (C:\\Users\\Public\\Downloads\\Alive-Innovation-Tech-Workspace\\user-service-api\\lib\\database.js:50:42)\n    at Module._compile (node:internal/modules/cjs/loader:1256:14)\n    at Module._extensions..js (node:internal/modules/cjs/loader:1310:10)\n    at Module.load (node:internal/modules/cjs/loader:1119:32)\n    at Module._load (node:internal/modules/cjs/loader:960:12)\n    at Module.require (node:internal/modules/cjs/loader:1143:19)\n    at require (node:internal/modules/cjs/helpers:119:18)\n    at Object.<anonymous> (C:\\Users\\Public\\Downloads\\Alive-Innovation-Tech-Workspace\\user-service-api\\lib\\index.js:4:1)\n    at Module._compile (node:internal/modules/cjs/loader:1256:14)\n    at Module._extensions..js (node:internal/modules/cjs/loader:1310:10)\n    at Module.load (node:internal/modules/cjs/loader:1119:32)\n    at Module._load (node:internal/modules/cjs/loader:960:12)\n    at Module.require (node:internal/modules/cjs/loader:1143:19)\n    at require (node:internal/modules/cjs/helpers:119:18)\n    at Object.<anonymous> (C:\\Users\\Public\\Downloads\\Alive-Innovation-Tech-Workspace\\user-service-api\\workers\\BackgroundService.js:7:5)\n    at Module._compile (node:internal/modules/cjs/loader:1256:14)\n    at Module._extensions..js (node:internal/modules/cjs/loader:1310:10)","timestamp":"2025-08-08T13:21:16.346Z"}
{"level":"error","message":"❌ Error associating User: User.hasOne called with something that's not a subclass of Sequelize.Model","stack":"Error: User.hasOne called with something that's not a subclass of Sequelize.Model\n    at User.<anonymous> (C:\\Users\\Public\\Downloads\\Alive-Innovation-Tech-Workspace\\user-service-api\\node_modules\\sequelize\\lib\\associations\\mixin.js:63:13)\n    at User.associate (C:\\Users\\Public\\Downloads\\Alive-Innovation-Tech-Workspace\\user-service-api\\app\\models\\UserModel.js:16:18)\n    at C:\\Users\\Public\\Downloads\\Alive-Innovation-Tech-Workspace\\user-service-api\\app\\models\\index.js:52:23\n    at Array.forEach (<anonymous>)\n    at module.exports (C:\\Users\\Public\\Downloads\\Alive-Innovation-Tech-Workspace\\user-service-api\\app\\models\\index.js:48:19)\n    at Object.<anonymous> (C:\\Users\\Public\\Downloads\\Alive-Innovation-Tech-Workspace\\user-service-api\\lib\\database.js:50:42)\n    at Module._compile (node:internal/modules/cjs/loader:1256:14)\n    at Module._extensions..js (node:internal/modules/cjs/loader:1310:10)\n    at Module.load (node:internal/modules/cjs/loader:1119:32)\n    at Module._load (node:internal/modules/cjs/loader:960:12)\n    at Module.require (node:internal/modules/cjs/loader:1143:19)\n    at require (node:internal/modules/cjs/helpers:119:18)\n    at Object.<anonymous> (C:\\Users\\Public\\Downloads\\Alive-Innovation-Tech-Workspace\\user-service-api\\lib\\index.js:4:1)\n    at Module._compile (node:internal/modules/cjs/loader:1256:14)\n    at Module._extensions..js (node:internal/modules/cjs/loader:1310:10)\n    at Module.load (node:internal/modules/cjs/loader:1119:32)\n    at Module._load (node:internal/modules/cjs/loader:960:12)\n    at Module.require (node:internal/modules/cjs/loader:1143:19)\n    at require (node:internal/modules/cjs/helpers:119:18)\n    at Object.<anonymous> (C:\\Users\\Public\\Downloads\\Alive-Innovation-Tech-Workspace\\user-service-api\\app.js:13:1)\n    at Module._compile (node:internal/modules/cjs/loader:1256:14)\n    at Module._extensions..js (node:internal/modules/cjs/loader:1310:10)","timestamp":"2025-08-08T13:21:22.697Z"}
{"level":"error","message":"❌ Error associating User: User.hasOne called with something that's not a subclass of Sequelize.Model","stack":"Error: User.hasOne called with something that's not a subclass of Sequelize.Model\n    at User.<anonymous> (C:\\Users\\Public\\Downloads\\Alive-Innovation-Tech-Workspace\\user-service-api\\node_modules\\sequelize\\lib\\associations\\mixin.js:63:13)\n    at User.associate (C:\\Users\\Public\\Downloads\\Alive-Innovation-Tech-Workspace\\user-service-api\\app\\models\\UserModel.js:16:18)\n    at C:\\Users\\Public\\Downloads\\Alive-Innovation-Tech-Workspace\\user-service-api\\app\\models\\index.js:52:23\n    at Array.forEach (<anonymous>)\n    at module.exports (C:\\Users\\Public\\Downloads\\Alive-Innovation-Tech-Workspace\\user-service-api\\app\\models\\index.js:48:19)\n    at Object.<anonymous> (C:\\Users\\Public\\Downloads\\Alive-Innovation-Tech-Workspace\\user-service-api\\lib\\database.js:50:42)\n    at Module._compile (node:internal/modules/cjs/loader:1256:14)\n    at Module._extensions..js (node:internal/modules/cjs/loader:1310:10)\n    at Module.load (node:internal/modules/cjs/loader:1119:32)\n    at Module._load (node:internal/modules/cjs/loader:960:12)\n    at Module.require (node:internal/modules/cjs/loader:1143:19)\n    at require (node:internal/modules/cjs/helpers:119:18)\n    at Object.<anonymous> (C:\\Users\\Public\\Downloads\\Alive-Innovation-Tech-Workspace\\user-service-api\\lib\\index.js:4:1)\n    at Module._compile (node:internal/modules/cjs/loader:1256:14)\n    at Module._extensions..js (node:internal/modules/cjs/loader:1310:10)\n    at Module.load (node:internal/modules/cjs/loader:1119:32)\n    at Module._load (node:internal/modules/cjs/loader:960:12)\n    at Module.require (node:internal/modules/cjs/loader:1143:19)\n    at require (node:internal/modules/cjs/helpers:119:18)\n    at Object.<anonymous> (C:\\Users\\Public\\Downloads\\Alive-Innovation-Tech-Workspace\\user-service-api\\workers\\BackgroundService.js:7:5)\n    at Module._compile (node:internal/modules/cjs/loader:1256:14)\n    at Module._extensions..js (node:internal/modules/cjs/loader:1310:10)","timestamp":"2025-08-08T13:21:25.820Z"}
{"level":"error","message":"❌ Error associating User: User.hasOne called with something that's not a subclass of Sequelize.Model","stack":"Error: User.hasOne called with something that's not a subclass of Sequelize.Model\n    at User.<anonymous> (C:\\Users\\Public\\Downloads\\Alive-Innovation-Tech-Workspace\\user-service-api\\node_modules\\sequelize\\lib\\associations\\mixin.js:63:13)\n    at User.associate (C:\\Users\\Public\\Downloads\\Alive-Innovation-Tech-Workspace\\user-service-api\\app\\models\\UserModel.js:16:18)\n    at C:\\Users\\Public\\Downloads\\Alive-Innovation-Tech-Workspace\\user-service-api\\app\\models\\index.js:52:23\n    at Array.forEach (<anonymous>)\n    at module.exports (C:\\Users\\Public\\Downloads\\Alive-Innovation-Tech-Workspace\\user-service-api\\app\\models\\index.js:48:19)\n    at Object.<anonymous> (C:\\Users\\Public\\Downloads\\Alive-Innovation-Tech-Workspace\\user-service-api\\lib\\database.js:50:42)\n    at Module._compile (node:internal/modules/cjs/loader:1256:14)\n    at Module._extensions..js (node:internal/modules/cjs/loader:1310:10)\n    at Module.load (node:internal/modules/cjs/loader:1119:32)\n    at Module._load (node:internal/modules/cjs/loader:960:12)\n    at Module.require (node:internal/modules/cjs/loader:1143:19)\n    at require (node:internal/modules/cjs/helpers:119:18)\n    at Object.<anonymous> (C:\\Users\\Public\\Downloads\\Alive-Innovation-Tech-Workspace\\user-service-api\\lib\\index.js:4:1)\n    at Module._compile (node:internal/modules/cjs/loader:1256:14)\n    at Module._extensions..js (node:internal/modules/cjs/loader:1310:10)\n    at Module.load (node:internal/modules/cjs/loader:1119:32)\n    at Module._load (node:internal/modules/cjs/loader:960:12)\n    at Module.require (node:internal/modules/cjs/loader:1143:19)\n    at require (node:internal/modules/cjs/helpers:119:18)\n    at Object.<anonymous> (C:\\Users\\Public\\Downloads\\Alive-Innovation-Tech-Workspace\\user-service-api\\app.js:13:1)\n    at Module._compile (node:internal/modules/cjs/loader:1256:14)\n    at Module._extensions..js (node:internal/modules/cjs/loader:1310:10)","timestamp":"2025-08-08T13:21:41.090Z"}
{"level":"error","message":"❌ Error associating User: User.hasOne called with something that's not a subclass of Sequelize.Model","stack":"Error: User.hasOne called with something that's not a subclass of Sequelize.Model\n    at User.<anonymous> (C:\\Users\\Public\\Downloads\\Alive-Innovation-Tech-Workspace\\user-service-api\\node_modules\\sequelize\\lib\\associations\\mixin.js:63:13)\n    at User.associate (C:\\Users\\Public\\Downloads\\Alive-Innovation-Tech-Workspace\\user-service-api\\app\\models\\UserModel.js:16:18)\n    at C:\\Users\\Public\\Downloads\\Alive-Innovation-Tech-Workspace\\user-service-api\\app\\models\\index.js:52:23\n    at Array.forEach (<anonymous>)\n    at module.exports (C:\\Users\\Public\\Downloads\\Alive-Innovation-Tech-Workspace\\user-service-api\\app\\models\\index.js:48:19)\n    at Object.<anonymous> (C:\\Users\\Public\\Downloads\\Alive-Innovation-Tech-Workspace\\user-service-api\\lib\\database.js:50:42)\n    at Module._compile (node:internal/modules/cjs/loader:1256:14)\n    at Module._extensions..js (node:internal/modules/cjs/loader:1310:10)\n    at Module.load (node:internal/modules/cjs/loader:1119:32)\n    at Module._load (node:internal/modules/cjs/loader:960:12)\n    at Module.require (node:internal/modules/cjs/loader:1143:19)\n    at require (node:internal/modules/cjs/helpers:119:18)\n    at Object.<anonymous> (C:\\Users\\Public\\Downloads\\Alive-Innovation-Tech-Workspace\\user-service-api\\lib\\index.js:4:1)\n    at Module._compile (node:internal/modules/cjs/loader:1256:14)\n    at Module._extensions..js (node:internal/modules/cjs/loader:1310:10)\n    at Module.load (node:internal/modules/cjs/loader:1119:32)\n    at Module._load (node:internal/modules/cjs/loader:960:12)\n    at Module.require (node:internal/modules/cjs/loader:1143:19)\n    at require (node:internal/modules/cjs/helpers:119:18)\n    at Object.<anonymous> (C:\\Users\\Public\\Downloads\\Alive-Innovation-Tech-Workspace\\user-service-api\\workers\\BackgroundService.js:7:5)\n    at Module._compile (node:internal/modules/cjs/loader:1256:14)\n    at Module._extensions..js (node:internal/modules/cjs/loader:1310:10)","timestamp":"2025-08-08T13:21:43.659Z"}
{"level":"error","message":"❌ Error associating User: User.hasOne called with something that's not a subclass of Sequelize.Model","stack":"Error: User.hasOne called with something that's not a subclass of Sequelize.Model\n    at User.<anonymous> (C:\\Users\\Public\\Downloads\\Alive-Innovation-Tech-Workspace\\user-service-api\\node_modules\\sequelize\\lib\\associations\\mixin.js:63:13)\n    at User.associate (C:\\Users\\Public\\Downloads\\Alive-Innovation-Tech-Workspace\\user-service-api\\app\\models\\UserModel.js:16:18)\n    at C:\\Users\\Public\\Downloads\\Alive-Innovation-Tech-Workspace\\user-service-api\\app\\models\\index.js:52:23\n    at Array.forEach (<anonymous>)\n    at module.exports (C:\\Users\\Public\\Downloads\\Alive-Innovation-Tech-Workspace\\user-service-api\\app\\models\\index.js:48:19)\n    at Object.<anonymous> (C:\\Users\\Public\\Downloads\\Alive-Innovation-Tech-Workspace\\user-service-api\\lib\\database.js:50:42)\n    at Module._compile (node:internal/modules/cjs/loader:1256:14)\n    at Module._extensions..js (node:internal/modules/cjs/loader:1310:10)\n    at Module.load (node:internal/modules/cjs/loader:1119:32)\n    at Module._load (node:internal/modules/cjs/loader:960:12)\n    at Module.require (node:internal/modules/cjs/loader:1143:19)\n    at require (node:internal/modules/cjs/helpers:119:18)\n    at Object.<anonymous> (C:\\Users\\Public\\Downloads\\Alive-Innovation-Tech-Workspace\\user-service-api\\lib\\index.js:4:1)\n    at Module._compile (node:internal/modules/cjs/loader:1256:14)\n    at Module._extensions..js (node:internal/modules/cjs/loader:1310:10)\n    at Module.load (node:internal/modules/cjs/loader:1119:32)\n    at Module._load (node:internal/modules/cjs/loader:960:12)\n    at Module.require (node:internal/modules/cjs/loader:1143:19)\n    at require (node:internal/modules/cjs/helpers:119:18)\n    at Object.<anonymous> (C:\\Users\\Public\\Downloads\\Alive-Innovation-Tech-Workspace\\user-service-api\\app.js:13:1)\n    at Module._compile (node:internal/modules/cjs/loader:1256:14)\n    at Module._extensions..js (node:internal/modules/cjs/loader:1310:10)","timestamp":"2025-08-08T13:22:00.446Z"}
{"level":"error","message":"❌ Error associating User: User.hasOne called with something that's not a subclass of Sequelize.Model","stack":"Error: User.hasOne called with something that's not a subclass of Sequelize.Model\n    at User.<anonymous> (C:\\Users\\Public\\Downloads\\Alive-Innovation-Tech-Workspace\\user-service-api\\node_modules\\sequelize\\lib\\associations\\mixin.js:63:13)\n    at User.associate (C:\\Users\\Public\\Downloads\\Alive-Innovation-Tech-Workspace\\user-service-api\\app\\models\\UserModel.js:16:18)\n    at C:\\Users\\Public\\Downloads\\Alive-Innovation-Tech-Workspace\\user-service-api\\app\\models\\index.js:52:23\n    at Array.forEach (<anonymous>)\n    at module.exports (C:\\Users\\Public\\Downloads\\Alive-Innovation-Tech-Workspace\\user-service-api\\app\\models\\index.js:48:19)\n    at Object.<anonymous> (C:\\Users\\Public\\Downloads\\Alive-Innovation-Tech-Workspace\\user-service-api\\lib\\database.js:50:42)\n    at Module._compile (node:internal/modules/cjs/loader:1256:14)\n    at Module._extensions..js (node:internal/modules/cjs/loader:1310:10)\n    at Module.load (node:internal/modules/cjs/loader:1119:32)\n    at Module._load (node:internal/modules/cjs/loader:960:12)\n    at Module.require (node:internal/modules/cjs/loader:1143:19)\n    at require (node:internal/modules/cjs/helpers:119:18)\n    at Object.<anonymous> (C:\\Users\\Public\\Downloads\\Alive-Innovation-Tech-Workspace\\user-service-api\\lib\\index.js:4:1)\n    at Module._compile (node:internal/modules/cjs/loader:1256:14)\n    at Module._extensions..js (node:internal/modules/cjs/loader:1310:10)\n    at Module.load (node:internal/modules/cjs/loader:1119:32)\n    at Module._load (node:internal/modules/cjs/loader:960:12)\n    at Module.require (node:internal/modules/cjs/loader:1143:19)\n    at require (node:internal/modules/cjs/helpers:119:18)\n    at Object.<anonymous> (C:\\Users\\Public\\Downloads\\Alive-Innovation-Tech-Workspace\\user-service-api\\workers\\BackgroundService.js:7:5)\n    at Module._compile (node:internal/modules/cjs/loader:1256:14)\n    at Module._extensions..js (node:internal/modules/cjs/loader:1310:10)","timestamp":"2025-08-08T13:22:02.994Z"}
{"level":"error","message":"❌ Error associating User: User.hasOne called with something that's not a subclass of Sequelize.Model","stack":"Error: User.hasOne called with something that's not a subclass of Sequelize.Model\n    at User.<anonymous> (C:\\Users\\Public\\Downloads\\Alive-Innovation-Tech-Workspace\\user-service-api\\node_modules\\sequelize\\lib\\associations\\mixin.js:63:13)\n    at User.associate (C:\\Users\\Public\\Downloads\\Alive-Innovation-Tech-Workspace\\user-service-api\\app\\models\\UserModel.js:23:18)\n    at C:\\Users\\Public\\Downloads\\Alive-Innovation-Tech-Workspace\\user-service-api\\app\\models\\index.js:52:23\n    at Array.forEach (<anonymous>)\n    at module.exports (C:\\Users\\Public\\Downloads\\Alive-Innovation-Tech-Workspace\\user-service-api\\app\\models\\index.js:48:19)\n    at Object.<anonymous> (C:\\Users\\Public\\Downloads\\Alive-Innovation-Tech-Workspace\\user-service-api\\lib\\database.js:50:42)\n    at Module._compile (node:internal/modules/cjs/loader:1256:14)\n    at Module._extensions..js (node:internal/modules/cjs/loader:1310:10)\n    at Module.load (node:internal/modules/cjs/loader:1119:32)\n    at Module._load (node:internal/modules/cjs/loader:960:12)\n    at Module.require (node:internal/modules/cjs/loader:1143:19)\n    at require (node:internal/modules/cjs/helpers:119:18)\n    at Object.<anonymous> (C:\\Users\\Public\\Downloads\\Alive-Innovation-Tech-Workspace\\user-service-api\\lib\\index.js:4:1)\n    at Module._compile (node:internal/modules/cjs/loader:1256:14)\n    at Module._extensions..js (node:internal/modules/cjs/loader:1310:10)\n    at Module.load (node:internal/modules/cjs/loader:1119:32)\n    at Module._load (node:internal/modules/cjs/loader:960:12)\n    at Module.require (node:internal/modules/cjs/loader:1143:19)\n    at require (node:internal/modules/cjs/helpers:119:18)\n    at Object.<anonymous> (C:\\Users\\Public\\Downloads\\Alive-Innovation-Tech-Workspace\\user-service-api\\app.js:13:1)\n    at Module._compile (node:internal/modules/cjs/loader:1256:14)\n    at Module._extensions..js (node:internal/modules/cjs/loader:1310:10)","timestamp":"2025-08-08T13:23:04.571Z"}
{"level":"error","message":"❌ Error associating User: User.hasOne called with something that's not a subclass of Sequelize.Model","stack":"Error: User.hasOne called with something that's not a subclass of Sequelize.Model\n    at User.<anonymous> (C:\\Users\\Public\\Downloads\\Alive-Innovation-Tech-Workspace\\user-service-api\\node_modules\\sequelize\\lib\\associations\\mixin.js:63:13)\n    at User.associate (C:\\Users\\Public\\Downloads\\Alive-Innovation-Tech-Workspace\\user-service-api\\app\\models\\UserModel.js:23:18)\n    at C:\\Users\\Public\\Downloads\\Alive-Innovation-Tech-Workspace\\user-service-api\\app\\models\\index.js:52:23\n    at Array.forEach (<anonymous>)\n    at module.exports (C:\\Users\\Public\\Downloads\\Alive-Innovation-Tech-Workspace\\user-service-api\\app\\models\\index.js:48:19)\n    at Object.<anonymous> (C:\\Users\\Public\\Downloads\\Alive-Innovation-Tech-Workspace\\user-service-api\\lib\\database.js:50:42)\n    at Module._compile (node:internal/modules/cjs/loader:1256:14)\n    at Module._extensions..js (node:internal/modules/cjs/loader:1310:10)\n    at Module.load (node:internal/modules/cjs/loader:1119:32)\n    at Module._load (node:internal/modules/cjs/loader:960:12)\n    at Module.require (node:internal/modules/cjs/loader:1143:19)\n    at require (node:internal/modules/cjs/helpers:119:18)\n    at Object.<anonymous> (C:\\Users\\Public\\Downloads\\Alive-Innovation-Tech-Workspace\\user-service-api\\lib\\index.js:4:1)\n    at Module._compile (node:internal/modules/cjs/loader:1256:14)\n    at Module._extensions..js (node:internal/modules/cjs/loader:1310:10)\n    at Module.load (node:internal/modules/cjs/loader:1119:32)\n    at Module._load (node:internal/modules/cjs/loader:960:12)\n    at Module.require (node:internal/modules/cjs/loader:1143:19)\n    at require (node:internal/modules/cjs/helpers:119:18)\n    at Object.<anonymous> (C:\\Users\\Public\\Downloads\\Alive-Innovation-Tech-Workspace\\user-service-api\\workers\\BackgroundService.js:7:5)\n    at Module._compile (node:internal/modules/cjs/loader:1256:14)\n    at Module._extensions..js (node:internal/modules/cjs/loader:1310:10)","timestamp":"2025-08-08T13:23:07.892Z"}
{"level":"error","message":"❌ Error associating User: User.hasOne called with something that's not a subclass of Sequelize.Model","stack":"Error: User.hasOne called with something that's not a subclass of Sequelize.Model\n    at User.<anonymous> (C:\\Users\\Public\\Downloads\\Alive-Innovation-Tech-Workspace\\user-service-api\\node_modules\\sequelize\\lib\\associations\\mixin.js:63:13)\n    at User.associate (C:\\Users\\Public\\Downloads\\Alive-Innovation-Tech-Workspace\\user-service-api\\app\\models\\UserModel.js:23:18)\n    at C:\\Users\\Public\\Downloads\\Alive-Innovation-Tech-Workspace\\user-service-api\\app\\models\\index.js:52:23\n    at Array.forEach (<anonymous>)\n    at module.exports (C:\\Users\\Public\\Downloads\\Alive-Innovation-Tech-Workspace\\user-service-api\\app\\models\\index.js:48:19)\n    at Object.<anonymous> (C:\\Users\\Public\\Downloads\\Alive-Innovation-Tech-Workspace\\user-service-api\\lib\\database.js:50:42)\n    at Module._compile (node:internal/modules/cjs/loader:1256:14)\n    at Module._extensions..js (node:internal/modules/cjs/loader:1310:10)\n    at Module.load (node:internal/modules/cjs/loader:1119:32)\n    at Module._load (node:internal/modules/cjs/loader:960:12)\n    at Module.require (node:internal/modules/cjs/loader:1143:19)\n    at require (node:internal/modules/cjs/helpers:119:18)\n    at Object.<anonymous> (C:\\Users\\Public\\Downloads\\Alive-Innovation-Tech-Workspace\\user-service-api\\lib\\index.js:4:1)\n    at Module._compile (node:internal/modules/cjs/loader:1256:14)\n    at Module._extensions..js (node:internal/modules/cjs/loader:1310:10)\n    at Module.load (node:internal/modules/cjs/loader:1119:32)\n    at Module._load (node:internal/modules/cjs/loader:960:12)\n    at Module.require (node:internal/modules/cjs/loader:1143:19)\n    at require (node:internal/modules/cjs/helpers:119:18)\n    at Object.<anonymous> (C:\\Users\\Public\\Downloads\\Alive-Innovation-Tech-Workspace\\user-service-api\\app.js:13:1)\n    at Module._compile (node:internal/modules/cjs/loader:1256:14)\n    at Module._extensions..js (node:internal/modules/cjs/loader:1310:10)","timestamp":"2025-08-08T13:23:15.873Z"}
{"level":"error","message":"❌ Error associating User: User.hasOne called with something that's not a subclass of Sequelize.Model","stack":"Error: User.hasOne called with something that's not a subclass of Sequelize.Model\n    at User.<anonymous> (C:\\Users\\Public\\Downloads\\Alive-Innovation-Tech-Workspace\\user-service-api\\node_modules\\sequelize\\lib\\associations\\mixin.js:63:13)\n    at User.associate (C:\\Users\\Public\\Downloads\\Alive-Innovation-Tech-Workspace\\user-service-api\\app\\models\\UserModel.js:23:18)\n    at C:\\Users\\Public\\Downloads\\Alive-Innovation-Tech-Workspace\\user-service-api\\app\\models\\index.js:52:23\n    at Array.forEach (<anonymous>)\n    at module.exports (C:\\Users\\Public\\Downloads\\Alive-Innovation-Tech-Workspace\\user-service-api\\app\\models\\index.js:48:19)\n    at Object.<anonymous> (C:\\Users\\Public\\Downloads\\Alive-Innovation-Tech-Workspace\\user-service-api\\lib\\database.js:50:42)\n    at Module._compile (node:internal/modules/cjs/loader:1256:14)\n    at Module._extensions..js (node:internal/modules/cjs/loader:1310:10)\n    at Module.load (node:internal/modules/cjs/loader:1119:32)\n    at Module._load (node:internal/modules/cjs/loader:960:12)\n    at Module.require (node:internal/modules/cjs/loader:1143:19)\n    at require (node:internal/modules/cjs/helpers:119:18)\n    at Object.<anonymous> (C:\\Users\\Public\\Downloads\\Alive-Innovation-Tech-Workspace\\user-service-api\\lib\\index.js:4:1)\n    at Module._compile (node:internal/modules/cjs/loader:1256:14)\n    at Module._extensions..js (node:internal/modules/cjs/loader:1310:10)\n    at Module.load (node:internal/modules/cjs/loader:1119:32)\n    at Module._load (node:internal/modules/cjs/loader:960:12)\n    at Module.require (node:internal/modules/cjs/loader:1143:19)\n    at require (node:internal/modules/cjs/helpers:119:18)\n    at Object.<anonymous> (C:\\Users\\Public\\Downloads\\Alive-Innovation-Tech-Workspace\\user-service-api\\workers\\BackgroundService.js:7:5)\n    at Module._compile (node:internal/modules/cjs/loader:1256:14)\n    at Module._extensions..js (node:internal/modules/cjs/loader:1310:10)","timestamp":"2025-08-08T13:23:19.220Z"}
{"level":"error","message":"❌ Error associating User: User.hasOne called with something that's not a subclass of Sequelize.Model","stack":"Error: User.hasOne called with something that's not a subclass of Sequelize.Model\n    at User.<anonymous> (C:\\Users\\Public\\Downloads\\Alive-Innovation-Tech-Workspace\\user-service-api\\node_modules\\sequelize\\lib\\associations\\mixin.js:63:13)\n    at User.associate (C:\\Users\\Public\\Downloads\\Alive-Innovation-Tech-Workspace\\user-service-api\\app\\models\\UserModel.js:23:18)\n    at C:\\Users\\Public\\Downloads\\Alive-Innovation-Tech-Workspace\\user-service-api\\app\\models\\index.js:52:23\n    at Array.forEach (<anonymous>)\n    at module.exports (C:\\Users\\Public\\Downloads\\Alive-Innovation-Tech-Workspace\\user-service-api\\app\\models\\index.js:48:19)\n    at Object.<anonymous> (C:\\Users\\Public\\Downloads\\Alive-Innovation-Tech-Workspace\\user-service-api\\lib\\database.js:50:42)\n    at Module._compile (node:internal/modules/cjs/loader:1256:14)\n    at Module._extensions..js (node:internal/modules/cjs/loader:1310:10)\n    at Module.load (node:internal/modules/cjs/loader:1119:32)\n    at Module._load (node:internal/modules/cjs/loader:960:12)\n    at Module.require (node:internal/modules/cjs/loader:1143:19)\n    at require (node:internal/modules/cjs/helpers:119:18)\n    at Object.<anonymous> (C:\\Users\\Public\\Downloads\\Alive-Innovation-Tech-Workspace\\user-service-api\\lib\\index.js:4:1)\n    at Module._compile (node:internal/modules/cjs/loader:1256:14)\n    at Module._extensions..js (node:internal/modules/cjs/loader:1310:10)\n    at Module.load (node:internal/modules/cjs/loader:1119:32)\n    at Module._load (node:internal/modules/cjs/loader:960:12)\n    at Module.require (node:internal/modules/cjs/loader:1143:19)\n    at require (node:internal/modules/cjs/helpers:119:18)\n    at Object.<anonymous> (C:\\Users\\Public\\Downloads\\Alive-Innovation-Tech-Workspace\\user-service-api\\app.js:13:1)\n    at Module._compile (node:internal/modules/cjs/loader:1256:14)\n    at Module._extensions..js (node:internal/modules/cjs/loader:1310:10)","timestamp":"2025-08-08T13:23:42.247Z"}
{"level":"error","message":"❌ Error associating User: User.hasOne called with something that's not a subclass of Sequelize.Model","stack":"Error: User.hasOne called with something that's not a subclass of Sequelize.Model\n    at User.<anonymous> (C:\\Users\\Public\\Downloads\\Alive-Innovation-Tech-Workspace\\user-service-api\\node_modules\\sequelize\\lib\\associations\\mixin.js:63:13)\n    at User.associate (C:\\Users\\Public\\Downloads\\Alive-Innovation-Tech-Workspace\\user-service-api\\app\\models\\UserModel.js:23:18)\n    at C:\\Users\\Public\\Downloads\\Alive-Innovation-Tech-Workspace\\user-service-api\\app\\models\\index.js:52:23\n    at Array.forEach (<anonymous>)\n    at module.exports (C:\\Users\\Public\\Downloads\\Alive-Innovation-Tech-Workspace\\user-service-api\\app\\models\\index.js:48:19)\n    at Object.<anonymous> (C:\\Users\\Public\\Downloads\\Alive-Innovation-Tech-Workspace\\user-service-api\\lib\\database.js:50:42)\n    at Module._compile (node:internal/modules/cjs/loader:1256:14)\n    at Module._extensions..js (node:internal/modules/cjs/loader:1310:10)\n    at Module.load (node:internal/modules/cjs/loader:1119:32)\n    at Module._load (node:internal/modules/cjs/loader:960:12)\n    at Module.require (node:internal/modules/cjs/loader:1143:19)\n    at require (node:internal/modules/cjs/helpers:119:18)\n    at Object.<anonymous> (C:\\Users\\Public\\Downloads\\Alive-Innovation-Tech-Workspace\\user-service-api\\lib\\index.js:4:1)\n    at Module._compile (node:internal/modules/cjs/loader:1256:14)\n    at Module._extensions..js (node:internal/modules/cjs/loader:1310:10)\n    at Module.load (node:internal/modules/cjs/loader:1119:32)\n    at Module._load (node:internal/modules/cjs/loader:960:12)\n    at Module.require (node:internal/modules/cjs/loader:1143:19)\n    at require (node:internal/modules/cjs/helpers:119:18)\n    at Object.<anonymous> (C:\\Users\\Public\\Downloads\\Alive-Innovation-Tech-Workspace\\user-service-api\\workers\\BackgroundService.js:7:5)\n    at Module._compile (node:internal/modules/cjs/loader:1256:14)\n    at Module._extensions..js (node:internal/modules/cjs/loader:1310:10)","timestamp":"2025-08-08T13:23:44.727Z"}
{"level":"error","message":"❌ Error associating User: User.hasOne called with something that's not a subclass of Sequelize.Model","stack":"Error: User.hasOne called with something that's not a subclass of Sequelize.Model\n    at User.<anonymous> (C:\\Users\\Public\\Downloads\\Alive-Innovation-Tech-Workspace\\user-service-api\\node_modules\\sequelize\\lib\\associations\\mixin.js:63:13)\n    at User.associate (C:\\Users\\Public\\Downloads\\Alive-Innovation-Tech-Workspace\\user-service-api\\app\\models\\UserModel.js:23:18)\n    at C:\\Users\\Public\\Downloads\\Alive-Innovation-Tech-Workspace\\user-service-api\\app\\models\\index.js:48:23\n    at Array.forEach (<anonymous>)\n    at module.exports (C:\\Users\\Public\\Downloads\\Alive-Innovation-Tech-Workspace\\user-service-api\\app\\models\\index.js:45:19)\n    at Object.<anonymous> (C:\\Users\\Public\\Downloads\\Alive-Innovation-Tech-Workspace\\user-service-api\\lib\\database.js:50:42)\n    at Module._compile (node:internal/modules/cjs/loader:1256:14)\n    at Module._extensions..js (node:internal/modules/cjs/loader:1310:10)\n    at Module.load (node:internal/modules/cjs/loader:1119:32)\n    at Module._load (node:internal/modules/cjs/loader:960:12)\n    at Module.require (node:internal/modules/cjs/loader:1143:19)\n    at require (node:internal/modules/cjs/helpers:119:18)\n    at Object.<anonymous> (C:\\Users\\Public\\Downloads\\Alive-Innovation-Tech-Workspace\\user-service-api\\lib\\index.js:4:1)\n    at Module._compile (node:internal/modules/cjs/loader:1256:14)\n    at Module._extensions..js (node:internal/modules/cjs/loader:1310:10)\n    at Module.load (node:internal/modules/cjs/loader:1119:32)\n    at Module._load (node:internal/modules/cjs/loader:960:12)\n    at Module.require (node:internal/modules/cjs/loader:1143:19)\n    at require (node:internal/modules/cjs/helpers:119:18)\n    at Object.<anonymous> (C:\\Users\\Public\\Downloads\\Alive-Innovation-Tech-Workspace\\user-service-api\\app.js:13:1)\n    at Module._compile (node:internal/modules/cjs/loader:1256:14)\n    at Module._extensions..js (node:internal/modules/cjs/loader:1310:10)","timestamp":"2025-08-08T13:25:49.557Z"}
{"level":"error","message":"❌ Error associating User: User.hasOne called with something that's not a subclass of Sequelize.Model","stack":"Error: User.hasOne called with something that's not a subclass of Sequelize.Model\n    at User.<anonymous> (C:\\Users\\Public\\Downloads\\Alive-Innovation-Tech-Workspace\\user-service-api\\node_modules\\sequelize\\lib\\associations\\mixin.js:63:13)\n    at User.associate (C:\\Users\\Public\\Downloads\\Alive-Innovation-Tech-Workspace\\user-service-api\\app\\models\\UserModel.js:23:18)\n    at C:\\Users\\Public\\Downloads\\Alive-Innovation-Tech-Workspace\\user-service-api\\app\\models\\index.js:48:23\n    at Array.forEach (<anonymous>)\n    at module.exports (C:\\Users\\Public\\Downloads\\Alive-Innovation-Tech-Workspace\\user-service-api\\app\\models\\index.js:45:19)\n    at Object.<anonymous> (C:\\Users\\Public\\Downloads\\Alive-Innovation-Tech-Workspace\\user-service-api\\lib\\database.js:50:42)\n    at Module._compile (node:internal/modules/cjs/loader:1256:14)\n    at Module._extensions..js (node:internal/modules/cjs/loader:1310:10)\n    at Module.load (node:internal/modules/cjs/loader:1119:32)\n    at Module._load (node:internal/modules/cjs/loader:960:12)\n    at Module.require (node:internal/modules/cjs/loader:1143:19)\n    at require (node:internal/modules/cjs/helpers:119:18)\n    at Object.<anonymous> (C:\\Users\\Public\\Downloads\\Alive-Innovation-Tech-Workspace\\user-service-api\\lib\\index.js:4:1)\n    at Module._compile (node:internal/modules/cjs/loader:1256:14)\n    at Module._extensions..js (node:internal/modules/cjs/loader:1310:10)\n    at Module.load (node:internal/modules/cjs/loader:1119:32)\n    at Module._load (node:internal/modules/cjs/loader:960:12)\n    at Module.require (node:internal/modules/cjs/loader:1143:19)\n    at require (node:internal/modules/cjs/helpers:119:18)\n    at Object.<anonymous> (C:\\Users\\Public\\Downloads\\Alive-Innovation-Tech-Workspace\\user-service-api\\workers\\BackgroundService.js:7:5)\n    at Module._compile (node:internal/modules/cjs/loader:1256:14)\n    at Module._extensions..js (node:internal/modules/cjs/loader:1310:10)","timestamp":"2025-08-08T13:25:52.674Z"}
{"level":"error","message":"❌ Error associating User: User.hasOne called with something that's not a subclass of Sequelize.Model","stack":"Error: User.hasOne called with something that's not a subclass of Sequelize.Model\n    at User.<anonymous> (C:\\Users\\Public\\Downloads\\Alive-Innovation-Tech-Workspace\\user-service-api\\node_modules\\sequelize\\lib\\associations\\mixin.js:63:13)\n    at User.associate (C:\\Users\\Public\\Downloads\\Alive-Innovation-Tech-Workspace\\user-service-api\\app\\models\\UserModel.js:23:18)\n    at C:\\Users\\Public\\Downloads\\Alive-Innovation-Tech-Workspace\\user-service-api\\app\\models\\index.js:48:23\n    at Array.forEach (<anonymous>)\n    at module.exports (C:\\Users\\Public\\Downloads\\Alive-Innovation-Tech-Workspace\\user-service-api\\app\\models\\index.js:45:19)\n    at Object.<anonymous> (C:\\Users\\Public\\Downloads\\Alive-Innovation-Tech-Workspace\\user-service-api\\lib\\database.js:50:42)\n    at Module._compile (node:internal/modules/cjs/loader:1256:14)\n    at Module._extensions..js (node:internal/modules/cjs/loader:1310:10)\n    at Module.load (node:internal/modules/cjs/loader:1119:32)\n    at Module._load (node:internal/modules/cjs/loader:960:12)\n    at Module.require (node:internal/modules/cjs/loader:1143:19)\n    at require (node:internal/modules/cjs/helpers:119:18)\n    at Object.<anonymous> (C:\\Users\\Public\\Downloads\\Alive-Innovation-Tech-Workspace\\user-service-api\\lib\\index.js:4:1)\n    at Module._compile (node:internal/modules/cjs/loader:1256:14)\n    at Module._extensions..js (node:internal/modules/cjs/loader:1310:10)\n    at Module.load (node:internal/modules/cjs/loader:1119:32)\n    at Module._load (node:internal/modules/cjs/loader:960:12)\n    at Module.require (node:internal/modules/cjs/loader:1143:19)\n    at require (node:internal/modules/cjs/helpers:119:18)\n    at Object.<anonymous> (C:\\Users\\Public\\Downloads\\Alive-Innovation-Tech-Workspace\\user-service-api\\app.js:13:1)\n    at Module._compile (node:internal/modules/cjs/loader:1256:14)\n    at Module._extensions..js (node:internal/modules/cjs/loader:1310:10)","timestamp":"2025-08-08T13:26:05.388Z"}
{"level":"error","message":"❌ Error associating User: User.hasOne called with something that's not a subclass of Sequelize.Model","stack":"Error: User.hasOne called with something that's not a subclass of Sequelize.Model\n    at User.<anonymous> (C:\\Users\\Public\\Downloads\\Alive-Innovation-Tech-Workspace\\user-service-api\\node_modules\\sequelize\\lib\\associations\\mixin.js:63:13)\n    at User.associate (C:\\Users\\Public\\Downloads\\Alive-Innovation-Tech-Workspace\\user-service-api\\app\\models\\UserModel.js:23:18)\n    at C:\\Users\\Public\\Downloads\\Alive-Innovation-Tech-Workspace\\user-service-api\\app\\models\\index.js:48:23\n    at Array.forEach (<anonymous>)\n    at module.exports (C:\\Users\\Public\\Downloads\\Alive-Innovation-Tech-Workspace\\user-service-api\\app\\models\\index.js:45:19)\n    at Object.<anonymous> (C:\\Users\\Public\\Downloads\\Alive-Innovation-Tech-Workspace\\user-service-api\\lib\\database.js:50:42)\n    at Module._compile (node:internal/modules/cjs/loader:1256:14)\n    at Module._extensions..js (node:internal/modules/cjs/loader:1310:10)\n    at Module.load (node:internal/modules/cjs/loader:1119:32)\n    at Module._load (node:internal/modules/cjs/loader:960:12)\n    at Module.require (node:internal/modules/cjs/loader:1143:19)\n    at require (node:internal/modules/cjs/helpers:119:18)\n    at Object.<anonymous> (C:\\Users\\Public\\Downloads\\Alive-Innovation-Tech-Workspace\\user-service-api\\lib\\index.js:4:1)\n    at Module._compile (node:internal/modules/cjs/loader:1256:14)\n    at Module._extensions..js (node:internal/modules/cjs/loader:1310:10)\n    at Module.load (node:internal/modules/cjs/loader:1119:32)\n    at Module._load (node:internal/modules/cjs/loader:960:12)\n    at Module.require (node:internal/modules/cjs/loader:1143:19)\n    at require (node:internal/modules/cjs/helpers:119:18)\n    at Object.<anonymous> (C:\\Users\\Public\\Downloads\\Alive-Innovation-Tech-Workspace\\user-service-api\\workers\\BackgroundService.js:7:5)\n    at Module._compile (node:internal/modules/cjs/loader:1256:14)\n    at Module._extensions..js (node:internal/modules/cjs/loader:1310:10)","timestamp":"2025-08-08T13:26:08.182Z"}
{"level":"error","message":"❌ Failed defining model DeveloperModel: DeveloperProfile is not defined","stack":"ReferenceError: DeveloperProfile is not defined\n    at module.exports (C:\\Users\\Public\\Downloads\\Alive-Innovation-Tech-Workspace\\user-service-api\\app\\models\\DeveloperModel.js:14:5)\n    at C:\\Users\\Public\\Downloads\\Alive-Innovation-Tech-Workspace\\user-service-api\\app\\models\\index.js:37:21\n    at Array.forEach (<anonymous>)\n    at module.exports (C:\\Users\\Public\\Downloads\\Alive-Innovation-Tech-Workspace\\user-service-api\\app\\models\\index.js:35:17)\n    at Object.<anonymous> (C:\\Users\\Public\\Downloads\\Alive-Innovation-Tech-Workspace\\user-service-api\\lib\\database.js:50:42)\n    at Module._compile (node:internal/modules/cjs/loader:1256:14)\n    at Module._extensions..js (node:internal/modules/cjs/loader:1310:10)\n    at Module.load (node:internal/modules/cjs/loader:1119:32)\n    at Module._load (node:internal/modules/cjs/loader:960:12)\n    at Module.require (node:internal/modules/cjs/loader:1143:19)\n    at require (node:internal/modules/cjs/helpers:119:18)\n    at Object.<anonymous> (C:\\Users\\Public\\Downloads\\Alive-Innovation-Tech-Workspace\\user-service-api\\lib\\index.js:4:1)\n    at Module._compile (node:internal/modules/cjs/loader:1256:14)\n    at Module._extensions..js (node:internal/modules/cjs/loader:1310:10)\n    at Module.load (node:internal/modules/cjs/loader:1119:32)\n    at Module._load (node:internal/modules/cjs/loader:960:12)\n    at Module.require (node:internal/modules/cjs/loader:1143:19)\n    at require (node:internal/modules/cjs/helpers:119:18)\n    at Object.<anonymous> (C:\\Users\\Public\\Downloads\\Alive-Innovation-Tech-Workspace\\user-service-api\\app.js:13:1)\n    at Module._compile (node:internal/modules/cjs/loader:1256:14)\n    at Module._extensions..js (node:internal/modules/cjs/loader:1310:10)\n    at Module.load (node:internal/modules/cjs/loader:1119:32)","timestamp":"2025-08-08T13:26:33.046Z"}
{"level":"error","message":"❌ Error associating User: User.hasOne called with something that's not a subclass of Sequelize.Model","stack":"Error: User.hasOne called with something that's not a subclass of Sequelize.Model\n    at User.<anonymous> (C:\\Users\\Public\\Downloads\\Alive-Innovation-Tech-Workspace\\user-service-api\\node_modules\\sequelize\\lib\\associations\\mixin.js:63:13)\n    at User.associate (C:\\Users\\Public\\Downloads\\Alive-Innovation-Tech-Workspace\\user-service-api\\app\\models\\UserModel.js:23:18)\n    at C:\\Users\\Public\\Downloads\\Alive-Innovation-Tech-Workspace\\user-service-api\\app\\models\\index.js:48:23\n    at Array.forEach (<anonymous>)\n    at module.exports (C:\\Users\\Public\\Downloads\\Alive-Innovation-Tech-Workspace\\user-service-api\\app\\models\\index.js:45:19)\n    at Object.<anonymous> (C:\\Users\\Public\\Downloads\\Alive-Innovation-Tech-Workspace\\user-service-api\\lib\\database.js:50:42)\n    at Module._compile (node:internal/modules/cjs/loader:1256:14)\n    at Module._extensions..js (node:internal/modules/cjs/loader:1310:10)\n    at Module.load (node:internal/modules/cjs/loader:1119:32)\n    at Module._load (node:internal/modules/cjs/loader:960:12)\n    at Module.require (node:internal/modules/cjs/loader:1143:19)\n    at require (node:internal/modules/cjs/helpers:119:18)\n    at Object.<anonymous> (C:\\Users\\Public\\Downloads\\Alive-Innovation-Tech-Workspace\\user-service-api\\lib\\index.js:4:1)\n    at Module._compile (node:internal/modules/cjs/loader:1256:14)\n    at Module._extensions..js (node:internal/modules/cjs/loader:1310:10)\n    at Module.load (node:internal/modules/cjs/loader:1119:32)\n    at Module._load (node:internal/modules/cjs/loader:960:12)\n    at Module.require (node:internal/modules/cjs/loader:1143:19)\n    at require (node:internal/modules/cjs/helpers:119:18)\n    at Object.<anonymous> (C:\\Users\\Public\\Downloads\\Alive-Innovation-Tech-Workspace\\user-service-api\\app.js:13:1)\n    at Module._compile (node:internal/modules/cjs/loader:1256:14)\n    at Module._extensions..js (node:internal/modules/cjs/loader:1310:10)","timestamp":"2025-08-08T13:26:33.119Z"}
{"level":"error","message":"❌ Failed defining model DeveloperModel: DeveloperProfile is not defined","stack":"ReferenceError: DeveloperProfile is not defined\n    at module.exports (C:\\Users\\Public\\Downloads\\Alive-Innovation-Tech-Workspace\\user-service-api\\app\\models\\DeveloperModel.js:14:5)\n    at C:\\Users\\Public\\Downloads\\Alive-Innovation-Tech-Workspace\\user-service-api\\app\\models\\index.js:37:21\n    at Array.forEach (<anonymous>)\n    at module.exports (C:\\Users\\Public\\Downloads\\Alive-Innovation-Tech-Workspace\\user-service-api\\app\\models\\index.js:35:17)\n    at Object.<anonymous> (C:\\Users\\Public\\Downloads\\Alive-Innovation-Tech-Workspace\\user-service-api\\lib\\database.js:50:42)\n    at Module._compile (node:internal/modules/cjs/loader:1256:14)\n    at Module._extensions..js (node:internal/modules/cjs/loader:1310:10)\n    at Module.load (node:internal/modules/cjs/loader:1119:32)\n    at Module._load (node:internal/modules/cjs/loader:960:12)\n    at Module.require (node:internal/modules/cjs/loader:1143:19)\n    at require (node:internal/modules/cjs/helpers:119:18)\n    at Object.<anonymous> (C:\\Users\\Public\\Downloads\\Alive-Innovation-Tech-Workspace\\user-service-api\\lib\\index.js:4:1)\n    at Module._compile (node:internal/modules/cjs/loader:1256:14)\n    at Module._extensions..js (node:internal/modules/cjs/loader:1310:10)\n    at Module.load (node:internal/modules/cjs/loader:1119:32)\n    at Module._load (node:internal/modules/cjs/loader:960:12)\n    at Module.require (node:internal/modules/cjs/loader:1143:19)\n    at require (node:internal/modules/cjs/helpers:119:18)\n    at Object.<anonymous> (C:\\Users\\Public\\Downloads\\Alive-Innovation-Tech-Workspace\\user-service-api\\workers\\BackgroundService.js:7:5)\n    at Module._compile (node:internal/modules/cjs/loader:1256:14)\n    at Module._extensions..js (node:internal/modules/cjs/loader:1310:10)\n    at Module.load (node:internal/modules/cjs/loader:1119:32)","timestamp":"2025-08-08T13:26:36.114Z"}
{"level":"error","message":"❌ Error associating User: User.hasOne called with something that's not a subclass of Sequelize.Model","stack":"Error: User.hasOne called with something that's not a subclass of Sequelize.Model\n    at User.<anonymous> (C:\\Users\\Public\\Downloads\\Alive-Innovation-Tech-Workspace\\user-service-api\\node_modules\\sequelize\\lib\\associations\\mixin.js:63:13)\n    at User.associate (C:\\Users\\Public\\Downloads\\Alive-Innovation-Tech-Workspace\\user-service-api\\app\\models\\UserModel.js:23:18)\n    at C:\\Users\\Public\\Downloads\\Alive-Innovation-Tech-Workspace\\user-service-api\\app\\models\\index.js:48:23\n    at Array.forEach (<anonymous>)\n    at module.exports (C:\\Users\\Public\\Downloads\\Alive-Innovation-Tech-Workspace\\user-service-api\\app\\models\\index.js:45:19)\n    at Object.<anonymous> (C:\\Users\\Public\\Downloads\\Alive-Innovation-Tech-Workspace\\user-service-api\\lib\\database.js:50:42)\n    at Module._compile (node:internal/modules/cjs/loader:1256:14)\n    at Module._extensions..js (node:internal/modules/cjs/loader:1310:10)\n    at Module.load (node:internal/modules/cjs/loader:1119:32)\n    at Module._load (node:internal/modules/cjs/loader:960:12)\n    at Module.require (node:internal/modules/cjs/loader:1143:19)\n    at require (node:internal/modules/cjs/helpers:119:18)\n    at Object.<anonymous> (C:\\Users\\Public\\Downloads\\Alive-Innovation-Tech-Workspace\\user-service-api\\lib\\index.js:4:1)\n    at Module._compile (node:internal/modules/cjs/loader:1256:14)\n    at Module._extensions..js (node:internal/modules/cjs/loader:1310:10)\n    at Module.load (node:internal/modules/cjs/loader:1119:32)\n    at Module._load (node:internal/modules/cjs/loader:960:12)\n    at Module.require (node:internal/modules/cjs/loader:1143:19)\n    at require (node:internal/modules/cjs/helpers:119:18)\n    at Object.<anonymous> (C:\\Users\\Public\\Downloads\\Alive-Innovation-Tech-Workspace\\user-service-api\\workers\\BackgroundService.js:7:5)\n    at Module._compile (node:internal/modules/cjs/loader:1256:14)\n    at Module._extensions..js (node:internal/modules/cjs/loader:1310:10)","timestamp":"2025-08-08T13:26:36.165Z"}
{"level":"error","message":"❌ Error associating User: User.hasOne called with something that's not a subclass of Sequelize.Model","stack":"Error: User.hasOne called with something that's not a subclass of Sequelize.Model\n    at User.<anonymous> (C:\\Users\\Public\\Downloads\\Alive-Innovation-Tech-Workspace\\user-service-api\\node_modules\\sequelize\\lib\\associations\\mixin.js:63:13)\n    at User.associate (C:\\Users\\Public\\Downloads\\Alive-Innovation-Tech-Workspace\\user-service-api\\app\\models\\UserModel.js:23:18)\n    at C:\\Users\\Public\\Downloads\\Alive-Innovation-Tech-Workspace\\user-service-api\\app\\models\\index.js:48:23\n    at Array.forEach (<anonymous>)\n    at module.exports (C:\\Users\\Public\\Downloads\\Alive-Innovation-Tech-Workspace\\user-service-api\\app\\models\\index.js:45:19)\n    at Object.<anonymous> (C:\\Users\\Public\\Downloads\\Alive-Innovation-Tech-Workspace\\user-service-api\\lib\\database.js:50:42)\n    at Module._compile (node:internal/modules/cjs/loader:1256:14)\n    at Module._extensions..js (node:internal/modules/cjs/loader:1310:10)\n    at Module.load (node:internal/modules/cjs/loader:1119:32)\n    at Module._load (node:internal/modules/cjs/loader:960:12)\n    at Module.require (node:internal/modules/cjs/loader:1143:19)\n    at require (node:internal/modules/cjs/helpers:119:18)\n    at Object.<anonymous> (C:\\Users\\Public\\Downloads\\Alive-Innovation-Tech-Workspace\\user-service-api\\lib\\index.js:4:1)\n    at Module._compile (node:internal/modules/cjs/loader:1256:14)\n    at Module._extensions..js (node:internal/modules/cjs/loader:1310:10)\n    at Module.load (node:internal/modules/cjs/loader:1119:32)\n    at Module._load (node:internal/modules/cjs/loader:960:12)\n    at Module.require (node:internal/modules/cjs/loader:1143:19)\n    at require (node:internal/modules/cjs/helpers:119:18)\n    at Object.<anonymous> (C:\\Users\\Public\\Downloads\\Alive-Innovation-Tech-Workspace\\user-service-api\\app.js:13:1)\n    at Module._compile (node:internal/modules/cjs/loader:1256:14)\n    at Module._extensions..js (node:internal/modules/cjs/loader:1310:10)","timestamp":"2025-08-08T13:27:52.479Z"}
{"level":"error","message":"❌ Error associating User: User.hasOne called with something that's not a subclass of Sequelize.Model","stack":"Error: User.hasOne called with something that's not a subclass of Sequelize.Model\n    at User.<anonymous> (C:\\Users\\Public\\Downloads\\Alive-Innovation-Tech-Workspace\\user-service-api\\node_modules\\sequelize\\lib\\associations\\mixin.js:63:13)\n    at User.associate (C:\\Users\\Public\\Downloads\\Alive-Innovation-Tech-Workspace\\user-service-api\\app\\models\\UserModel.js:23:18)\n    at C:\\Users\\Public\\Downloads\\Alive-Innovation-Tech-Workspace\\user-service-api\\app\\models\\index.js:48:23\n    at Array.forEach (<anonymous>)\n    at module.exports (C:\\Users\\Public\\Downloads\\Alive-Innovation-Tech-Workspace\\user-service-api\\app\\models\\index.js:45:19)\n    at Object.<anonymous> (C:\\Users\\Public\\Downloads\\Alive-Innovation-Tech-Workspace\\user-service-api\\lib\\database.js:50:42)\n    at Module._compile (node:internal/modules/cjs/loader:1256:14)\n    at Module._extensions..js (node:internal/modules/cjs/loader:1310:10)\n    at Module.load (node:internal/modules/cjs/loader:1119:32)\n    at Module._load (node:internal/modules/cjs/loader:960:12)\n    at Module.require (node:internal/modules/cjs/loader:1143:19)\n    at require (node:internal/modules/cjs/helpers:119:18)\n    at Object.<anonymous> (C:\\Users\\Public\\Downloads\\Alive-Innovation-Tech-Workspace\\user-service-api\\lib\\index.js:4:1)\n    at Module._compile (node:internal/modules/cjs/loader:1256:14)\n    at Module._extensions..js (node:internal/modules/cjs/loader:1310:10)\n    at Module.load (node:internal/modules/cjs/loader:1119:32)\n    at Module._load (node:internal/modules/cjs/loader:960:12)\n    at Module.require (node:internal/modules/cjs/loader:1143:19)\n    at require (node:internal/modules/cjs/helpers:119:18)\n    at Object.<anonymous> (C:\\Users\\Public\\Downloads\\Alive-Innovation-Tech-Workspace\\user-service-api\\app.js:13:1)\n    at Module._compile (node:internal/modules/cjs/loader:1256:14)\n    at Module._extensions..js (node:internal/modules/cjs/loader:1310:10)","timestamp":"2025-08-08T13:27:56.000Z"}
{"level":"error","message":"❌ Error associating User: User.hasOne called with something that's not a subclass of Sequelize.Model","stack":"Error: User.hasOne called with something that's not a subclass of Sequelize.Model\n    at User.<anonymous> (C:\\Users\\Public\\Downloads\\Alive-Innovation-Tech-Workspace\\user-service-api\\node_modules\\sequelize\\lib\\associations\\mixin.js:63:13)\n    at User.associate (C:\\Users\\Public\\Downloads\\Alive-Innovation-Tech-Workspace\\user-service-api\\app\\models\\UserModel.js:23:18)\n    at C:\\Users\\Public\\Downloads\\Alive-Innovation-Tech-Workspace\\user-service-api\\app\\models\\index.js:48:23\n    at Array.forEach (<anonymous>)\n    at module.exports (C:\\Users\\Public\\Downloads\\Alive-Innovation-Tech-Workspace\\user-service-api\\app\\models\\index.js:45:19)\n    at Object.<anonymous> (C:\\Users\\Public\\Downloads\\Alive-Innovation-Tech-Workspace\\user-service-api\\lib\\database.js:50:42)\n    at Module._compile (node:internal/modules/cjs/loader:1256:14)\n    at Module._extensions..js (node:internal/modules/cjs/loader:1310:10)\n    at Module.load (node:internal/modules/cjs/loader:1119:32)\n    at Module._load (node:internal/modules/cjs/loader:960:12)\n    at Module.require (node:internal/modules/cjs/loader:1143:19)\n    at require (node:internal/modules/cjs/helpers:119:18)\n    at Object.<anonymous> (C:\\Users\\Public\\Downloads\\Alive-Innovation-Tech-Workspace\\user-service-api\\lib\\index.js:4:1)\n    at Module._compile (node:internal/modules/cjs/loader:1256:14)\n    at Module._extensions..js (node:internal/modules/cjs/loader:1310:10)\n    at Module.load (node:internal/modules/cjs/loader:1119:32)\n    at Module._load (node:internal/modules/cjs/loader:960:12)\n    at Module.require (node:internal/modules/cjs/loader:1143:19)\n    at require (node:internal/modules/cjs/helpers:119:18)\n    at Object.<anonymous> (C:\\Users\\Public\\Downloads\\Alive-Innovation-Tech-Workspace\\user-service-api\\workers\\BackgroundService.js:7:5)\n    at Module._compile (node:internal/modules/cjs/loader:1256:14)\n    at Module._extensions..js (node:internal/modules/cjs/loader:1310:10)","timestamp":"2025-08-08T13:27:58.675Z"}
{"level":"error","message":"❌ Error associating User: User.hasOne called with something that's not a subclass of Sequelize.Model","stack":"Error: User.hasOne called with something that's not a subclass of Sequelize.Model\n    at User.<anonymous> (C:\\Users\\Public\\Downloads\\Alive-Innovation-Tech-Workspace\\user-service-api\\node_modules\\sequelize\\lib\\associations\\mixin.js:63:13)\n    at User.associate (C:\\Users\\Public\\Downloads\\Alive-Innovation-Tech-Workspace\\user-service-api\\app\\models\\UserModel.js:23:18)\n    at C:\\Users\\Public\\Downloads\\Alive-Innovation-Tech-Workspace\\user-service-api\\app\\models\\index.js:48:23\n    at Array.forEach (<anonymous>)\n    at module.exports (C:\\Users\\Public\\Downloads\\Alive-Innovation-Tech-Workspace\\user-service-api\\app\\models\\index.js:45:19)\n    at Object.<anonymous> (C:\\Users\\Public\\Downloads\\Alive-Innovation-Tech-Workspace\\user-service-api\\lib\\database.js:50:42)\n    at Module._compile (node:internal/modules/cjs/loader:1256:14)\n    at Module._extensions..js (node:internal/modules/cjs/loader:1310:10)\n    at Module.load (node:internal/modules/cjs/loader:1119:32)\n    at Module._load (node:internal/modules/cjs/loader:960:12)\n    at Module.require (node:internal/modules/cjs/loader:1143:19)\n    at require (node:internal/modules/cjs/helpers:119:18)\n    at Object.<anonymous> (C:\\Users\\Public\\Downloads\\Alive-Innovation-Tech-Workspace\\user-service-api\\lib\\index.js:4:1)\n    at Module._compile (node:internal/modules/cjs/loader:1256:14)\n    at Module._extensions..js (node:internal/modules/cjs/loader:1310:10)\n    at Module.load (node:internal/modules/cjs/loader:1119:32)\n    at Module._load (node:internal/modules/cjs/loader:960:12)\n    at Module.require (node:internal/modules/cjs/loader:1143:19)\n    at require (node:internal/modules/cjs/helpers:119:18)\n    at Object.<anonymous> (C:\\Users\\Public\\Downloads\\Alive-Innovation-Tech-Workspace\\user-service-api\\app.js:13:1)\n    at Module._compile (node:internal/modules/cjs/loader:1256:14)\n    at Module._extensions..js (node:internal/modules/cjs/loader:1310:10)","timestamp":"2025-08-08T13:28:26.404Z"}
{"level":"error","message":"❌ Error associating User: User.hasOne called with something that's not a subclass of Sequelize.Model","stack":"Error: User.hasOne called with something that's not a subclass of Sequelize.Model\n    at User.<anonymous> (C:\\Users\\Public\\Downloads\\Alive-Innovation-Tech-Workspace\\user-service-api\\node_modules\\sequelize\\lib\\associations\\mixin.js:63:13)\n    at User.associate (C:\\Users\\Public\\Downloads\\Alive-Innovation-Tech-Workspace\\user-service-api\\app\\models\\UserModel.js:23:18)\n    at C:\\Users\\Public\\Downloads\\Alive-Innovation-Tech-Workspace\\user-service-api\\app\\models\\index.js:48:23\n    at Array.forEach (<anonymous>)\n    at module.exports (C:\\Users\\Public\\Downloads\\Alive-Innovation-Tech-Workspace\\user-service-api\\app\\models\\index.js:45:19)\n    at Object.<anonymous> (C:\\Users\\Public\\Downloads\\Alive-Innovation-Tech-Workspace\\user-service-api\\lib\\database.js:50:42)\n    at Module._compile (node:internal/modules/cjs/loader:1256:14)\n    at Module._extensions..js (node:internal/modules/cjs/loader:1310:10)\n    at Module.load (node:internal/modules/cjs/loader:1119:32)\n    at Module._load (node:internal/modules/cjs/loader:960:12)\n    at Module.require (node:internal/modules/cjs/loader:1143:19)\n    at require (node:internal/modules/cjs/helpers:119:18)\n    at Object.<anonymous> (C:\\Users\\Public\\Downloads\\Alive-Innovation-Tech-Workspace\\user-service-api\\lib\\index.js:4:1)\n    at Module._compile (node:internal/modules/cjs/loader:1256:14)\n    at Module._extensions..js (node:internal/modules/cjs/loader:1310:10)\n    at Module.load (node:internal/modules/cjs/loader:1119:32)\n    at Module._load (node:internal/modules/cjs/loader:960:12)\n    at Module.require (node:internal/modules/cjs/loader:1143:19)\n    at require (node:internal/modules/cjs/helpers:119:18)\n    at Object.<anonymous> (C:\\Users\\Public\\Downloads\\Alive-Innovation-Tech-Workspace\\user-service-api\\workers\\BackgroundService.js:7:5)\n    at Module._compile (node:internal/modules/cjs/loader:1256:14)\n    at Module._extensions..js (node:internal/modules/cjs/loader:1310:10)","timestamp":"2025-08-08T13:28:28.745Z"}
{"level":"error","message":"❌ Error associating User: User.hasOne called with something that's not a subclass of Sequelize.Model","stack":"Error: User.hasOne called with something that's not a subclass of Sequelize.Model\n    at User.<anonymous> (C:\\Users\\Public\\Downloads\\Alive-Innovation-Tech-Workspace\\user-service-api\\node_modules\\sequelize\\lib\\associations\\mixin.js:63:13)\n    at User.associate (C:\\Users\\Public\\Downloads\\Alive-Innovation-Tech-Workspace\\user-service-api\\app\\models\\UserModel.js:30:18)\n    at C:\\Users\\Public\\Downloads\\Alive-Innovation-Tech-Workspace\\user-service-api\\app\\models\\index.js:48:23\n    at Array.forEach (<anonymous>)\n    at module.exports (C:\\Users\\Public\\Downloads\\Alive-Innovation-Tech-Workspace\\user-service-api\\app\\models\\index.js:45:19)\n    at Object.<anonymous> (C:\\Users\\Public\\Downloads\\Alive-Innovation-Tech-Workspace\\user-service-api\\lib\\database.js:50:42)\n    at Module._compile (node:internal/modules/cjs/loader:1256:14)\n    at Module._extensions..js (node:internal/modules/cjs/loader:1310:10)\n    at Module.load (node:internal/modules/cjs/loader:1119:32)\n    at Module._load (node:internal/modules/cjs/loader:960:12)\n    at Module.require (node:internal/modules/cjs/loader:1143:19)\n    at require (node:internal/modules/cjs/helpers:119:18)\n    at Object.<anonymous> (C:\\Users\\Public\\Downloads\\Alive-Innovation-Tech-Workspace\\user-service-api\\lib\\index.js:4:1)\n    at Module._compile (node:internal/modules/cjs/loader:1256:14)\n    at Module._extensions..js (node:internal/modules/cjs/loader:1310:10)\n    at Module.load (node:internal/modules/cjs/loader:1119:32)\n    at Module._load (node:internal/modules/cjs/loader:960:12)\n    at Module.require (node:internal/modules/cjs/loader:1143:19)\n    at require (node:internal/modules/cjs/helpers:119:18)\n    at Object.<anonymous> (C:\\Users\\Public\\Downloads\\Alive-Innovation-Tech-Workspace\\user-service-api\\app.js:13:1)\n    at Module._compile (node:internal/modules/cjs/loader:1256:14)\n    at Module._extensions..js (node:internal/modules/cjs/loader:1310:10)","timestamp":"2025-08-08T13:29:17.331Z"}
{"level":"error","message":"❌ Error associating User: User.hasOne called with something that's not a subclass of Sequelize.Model","stack":"Error: User.hasOne called with something that's not a subclass of Sequelize.Model\n    at User.<anonymous> (C:\\Users\\Public\\Downloads\\Alive-Innovation-Tech-Workspace\\user-service-api\\node_modules\\sequelize\\lib\\associations\\mixin.js:63:13)\n    at User.associate (C:\\Users\\Public\\Downloads\\Alive-Innovation-Tech-Workspace\\user-service-api\\app\\models\\UserModel.js:30:18)\n    at C:\\Users\\Public\\Downloads\\Alive-Innovation-Tech-Workspace\\user-service-api\\app\\models\\index.js:48:23\n    at Array.forEach (<anonymous>)\n    at module.exports (C:\\Users\\Public\\Downloads\\Alive-Innovation-Tech-Workspace\\user-service-api\\app\\models\\index.js:45:19)\n    at Object.<anonymous> (C:\\Users\\Public\\Downloads\\Alive-Innovation-Tech-Workspace\\user-service-api\\lib\\database.js:50:42)\n    at Module._compile (node:internal/modules/cjs/loader:1256:14)\n    at Module._extensions..js (node:internal/modules/cjs/loader:1310:10)\n    at Module.load (node:internal/modules/cjs/loader:1119:32)\n    at Module._load (node:internal/modules/cjs/loader:960:12)\n    at Module.require (node:internal/modules/cjs/loader:1143:19)\n    at require (node:internal/modules/cjs/helpers:119:18)\n    at Object.<anonymous> (C:\\Users\\Public\\Downloads\\Alive-Innovation-Tech-Workspace\\user-service-api\\lib\\index.js:4:1)\n    at Module._compile (node:internal/modules/cjs/loader:1256:14)\n    at Module._extensions..js (node:internal/modules/cjs/loader:1310:10)\n    at Module.load (node:internal/modules/cjs/loader:1119:32)\n    at Module._load (node:internal/modules/cjs/loader:960:12)\n    at Module.require (node:internal/modules/cjs/loader:1143:19)\n    at require (node:internal/modules/cjs/helpers:119:18)\n    at Object.<anonymous> (C:\\Users\\Public\\Downloads\\Alive-Innovation-Tech-Workspace\\user-service-api\\workers\\BackgroundService.js:7:5)\n    at Module._compile (node:internal/modules/cjs/loader:1256:14)\n    at Module._extensions..js (node:internal/modules/cjs/loader:1310:10)","timestamp":"2025-08-08T13:29:20.632Z"}
{"level":"error","message":"❌ Error associating User: User.hasOne called with something that's not a subclass of Sequelize.Model","stack":"Error: User.hasOne called with something that's not a subclass of Sequelize.Model\n    at User.<anonymous> (C:\\Users\\Public\\Downloads\\Alive-Innovation-Tech-Workspace\\user-service-api\\node_modules\\sequelize\\lib\\associations\\mixin.js:63:13)\n    at User.associate (C:\\Users\\Public\\Downloads\\Alive-Innovation-Tech-Workspace\\user-service-api\\app\\models\\UserModel.js:30:18)\n    at C:\\Users\\Public\\Downloads\\Alive-Innovation-Tech-Workspace\\user-service-api\\app\\models\\index.js:48:23\n    at Array.forEach (<anonymous>)\n    at module.exports (C:\\Users\\Public\\Downloads\\Alive-Innovation-Tech-Workspace\\user-service-api\\app\\models\\index.js:45:19)\n    at Object.<anonymous> (C:\\Users\\Public\\Downloads\\Alive-Innovation-Tech-Workspace\\user-service-api\\lib\\database.js:50:42)\n    at Module._compile (node:internal/modules/cjs/loader:1256:14)\n    at Module._extensions..js (node:internal/modules/cjs/loader:1310:10)\n    at Module.load (node:internal/modules/cjs/loader:1119:32)\n    at Module._load (node:internal/modules/cjs/loader:960:12)\n    at Module.require (node:internal/modules/cjs/loader:1143:19)\n    at require (node:internal/modules/cjs/helpers:119:18)\n    at Object.<anonymous> (C:\\Users\\Public\\Downloads\\Alive-Innovation-Tech-Workspace\\user-service-api\\lib\\index.js:4:1)\n    at Module._compile (node:internal/modules/cjs/loader:1256:14)\n    at Module._extensions..js (node:internal/modules/cjs/loader:1310:10)\n    at Module.load (node:internal/modules/cjs/loader:1119:32)\n    at Module._load (node:internal/modules/cjs/loader:960:12)\n    at Module.require (node:internal/modules/cjs/loader:1143:19)\n    at require (node:internal/modules/cjs/helpers:119:18)\n    at Object.<anonymous> (C:\\Users\\Public\\Downloads\\Alive-Innovation-Tech-Workspace\\user-service-api\\app.js:13:1)\n    at Module._compile (node:internal/modules/cjs/loader:1256:14)\n    at Module._extensions..js (node:internal/modules/cjs/loader:1310:10)","timestamp":"2025-08-08T13:29:33.242Z"}
{"level":"error","message":"❌ Error associating User: User.hasOne called with something that's not a subclass of Sequelize.Model","stack":"Error: User.hasOne called with something that's not a subclass of Sequelize.Model\n    at User.<anonymous> (C:\\Users\\Public\\Downloads\\Alive-Innovation-Tech-Workspace\\user-service-api\\node_modules\\sequelize\\lib\\associations\\mixin.js:63:13)\n    at User.associate (C:\\Users\\Public\\Downloads\\Alive-Innovation-Tech-Workspace\\user-service-api\\app\\models\\UserModel.js:30:18)\n    at C:\\Users\\Public\\Downloads\\Alive-Innovation-Tech-Workspace\\user-service-api\\app\\models\\index.js:48:23\n    at Array.forEach (<anonymous>)\n    at module.exports (C:\\Users\\Public\\Downloads\\Alive-Innovation-Tech-Workspace\\user-service-api\\app\\models\\index.js:45:19)\n    at Object.<anonymous> (C:\\Users\\Public\\Downloads\\Alive-Innovation-Tech-Workspace\\user-service-api\\lib\\database.js:50:42)\n    at Module._compile (node:internal/modules/cjs/loader:1256:14)\n    at Module._extensions..js (node:internal/modules/cjs/loader:1310:10)\n    at Module.load (node:internal/modules/cjs/loader:1119:32)\n    at Module._load (node:internal/modules/cjs/loader:960:12)\n    at Module.require (node:internal/modules/cjs/loader:1143:19)\n    at require (node:internal/modules/cjs/helpers:119:18)\n    at Object.<anonymous> (C:\\Users\\Public\\Downloads\\Alive-Innovation-Tech-Workspace\\user-service-api\\lib\\index.js:4:1)\n    at Module._compile (node:internal/modules/cjs/loader:1256:14)\n    at Module._extensions..js (node:internal/modules/cjs/loader:1310:10)\n    at Module.load (node:internal/modules/cjs/loader:1119:32)\n    at Module._load (node:internal/modules/cjs/loader:960:12)\n    at Module.require (node:internal/modules/cjs/loader:1143:19)\n    at require (node:internal/modules/cjs/helpers:119:18)\n    at Object.<anonymous> (C:\\Users\\Public\\Downloads\\Alive-Innovation-Tech-Workspace\\user-service-api\\workers\\BackgroundService.js:7:5)\n    at Module._compile (node:internal/modules/cjs/loader:1256:14)\n    at Module._extensions..js (node:internal/modules/cjs/loader:1310:10)","timestamp":"2025-08-08T13:29:35.893Z"}
{"error":"column \"userId\" referenced in foreign key constraint does not exist","level":"error","message":"❌ DATABASE INITIALIZATION FAILED","stack":"Error\n    at Query.run (C:\\Users\\Public\\Downloads\\Alive-Innovation-Tech-Workspace\\user-service-api\\node_modules\\sequelize\\lib\\dialects\\postgres\\query.js:50:25)\n    at C:\\Users\\Public\\Downloads\\Alive-Innovation-Tech-Workspace\\user-service-api\\node_modules\\sequelize\\lib\\sequelize.js:315:28\n    at process.processTicksAndRejections (node:internal/process/task_queues:95:5)\n    at async PostgresQueryInterface.createTable (C:\\Users\\Public\\Downloads\\Alive-Innovation-Tech-Workspace\\user-service-api\\node_modules\\sequelize\\lib\\dialects\\abstract\\query-interface.js:98:12)\n    at async Buyer.sync (C:\\Users\\Public\\Downloads\\Alive-Innovation-Tech-Workspace\\user-service-api\\node_modules\\sequelize\\lib\\model.js:942:7)\n    at async Sequelize.sync (C:\\Users\\Public\\Downloads\\Alive-Innovation-Tech-Workspace\\user-service-api\\node_modules\\sequelize\\lib\\sequelize.js:377:9)\n    at async initializeDatabase (C:\\Users\\Public\\Downloads\\Alive-Innovation-Tech-Workspace\\user-service-api\\lib\\database.js:60:7)","timestamp":"2025-08-08T14:26:24.580Z"}
{"error":"column \"userId\" referenced in foreign key constraint does not exist","level":"error","message":"❌ DATABASE INITIALIZATION FAILED","stack":"Error\n    at Query.run (C:\\Users\\Public\\Downloads\\Alive-Innovation-Tech-Workspace\\user-service-api\\node_modules\\sequelize\\lib\\dialects\\postgres\\query.js:50:25)\n    at C:\\Users\\Public\\Downloads\\Alive-Innovation-Tech-Workspace\\user-service-api\\node_modules\\sequelize\\lib\\sequelize.js:315:28\n    at process.processTicksAndRejections (node:internal/process/task_queues:95:5)\n    at async PostgresQueryInterface.createTable (C:\\Users\\Public\\Downloads\\Alive-Innovation-Tech-Workspace\\user-service-api\\node_modules\\sequelize\\lib\\dialects\\abstract\\query-interface.js:98:12)\n    at async Buyer.sync (C:\\Users\\Public\\Downloads\\Alive-Innovation-Tech-Workspace\\user-service-api\\node_modules\\sequelize\\lib\\model.js:942:7)\n    at async Sequelize.sync (C:\\Users\\Public\\Downloads\\Alive-Innovation-Tech-Workspace\\user-service-api\\node_modules\\sequelize\\lib\\sequelize.js:377:9)\n    at async initializeDatabase (C:\\Users\\Public\\Downloads\\Alive-Innovation-Tech-Workspace\\user-service-api\\lib\\database.js:60:7)","timestamp":"2025-08-08T14:28:53.770Z"}
{"error":"column \"cacRegNumber\" does not exist","level":"error","message":"❌ DATABASE INITIALIZATION FAILED","stack":"Error\n    at Query.run (C:\\Users\\Public\\Downloads\\Alive-Innovation-Tech-Workspace\\user-service-api\\node_modules\\sequelize\\lib\\dialects\\postgres\\query.js:50:25)\n    at C:\\Users\\Public\\Downloads\\Alive-Innovation-Tech-Workspace\\user-service-api\\node_modules\\sequelize\\lib\\sequelize.js:315:28\n    at process.processTicksAndRejections (node:internal/process/task_queues:95:5)\n    at async PostgresQueryInterface.addIndex (C:\\Users\\Public\\Downloads\\Alive-Innovation-Tech-Workspace\\user-service-api\\node_modules\\sequelize\\lib\\dialects\\abstract\\query-interface.js:250:12)\n    at async Developer.sync (C:\\Users\\Public\\Downloads\\Alive-Innovation-Tech-Workspace\\user-service-api\\node_modules\\sequelize\\lib\\model.js:999:7)\n    at async Sequelize.sync (C:\\Users\\Public\\Downloads\\Alive-Innovation-Tech-Workspace\\user-service-api\\node_modules\\sequelize\\lib\\sequelize.js:377:9)\n    at async initializeDatabase (C:\\Users\\Public\\Downloads\\Alive-Innovation-Tech-Workspace\\user-service-api\\lib\\database.js:60:7)","timestamp":"2025-08-08T14:38:38.060Z"}
{"level":"error","message":"❌ Failed loading model TokenModel.js: sequelize.define is not a function","stack":"TypeError: sequelize.define is not a function\n    at Object.<anonymous> (C:\\Users\\Public\\Downloads\\Alive-Innovation-Tech-Workspace\\alive-home-backend\\app\\models\\TokenModel.js:7:25)\n    at Module._compile (node:internal/modules/cjs/loader:1256:14)\n    at Module._extensions..js (node:internal/modules/cjs/loader:1310:10)\n    at Module.load (node:internal/modules/cjs/loader:1119:32)\n    at Module._load (node:internal/modules/cjs/loader:960:12)\n    at Module.require (node:internal/modules/cjs/loader:1143:19)\n    at require (node:internal/modules/cjs/helpers:119:18)\n    at C:\\Users\\Public\\Downloads\\Alive-Innovation-Tech-Workspace\\alive-home-backend\\app\\models\\index.js:22:30\n    at Array.forEach (<anonymous>)\n    at module.exports (C:\\Users\\Public\\Downloads\\Alive-Innovation-Tech-Workspace\\alive-home-backend\\app\\models\\index.js:19:6)","timestamp":"2025-08-11T02:14:25.528Z"}
{"error":"column \"phoneNumber\" does not exist","level":"error","message":"❌ DATABASE INITIALIZATION FAILED","stack":"Error\n    at Query.run (C:\\Users\\Public\\Downloads\\Alive-Innovation-Tech-Workspace\\alive-home-backend\\node_modules\\sequelize\\lib\\dialects\\postgres\\query.js:50:25)\n    at C:\\Users\\Public\\Downloads\\Alive-Innovation-Tech-Workspace\\alive-home-backend\\node_modules\\sequelize\\lib\\sequelize.js:315:28\n    at process.processTicksAndRejections (node:internal/process/task_queues:95:5)\n    at async PostgresQueryInterface.addIndex (C:\\Users\\Public\\Downloads\\Alive-Innovation-Tech-Workspace\\alive-home-backend\\node_modules\\sequelize\\lib\\dialects\\abstract\\query-interface.js:250:12)\n    at async User.sync (C:\\Users\\Public\\Downloads\\Alive-Innovation-Tech-Workspace\\alive-home-backend\\node_modules\\sequelize\\lib\\model.js:999:7)\n    at async Sequelize.sync (C:\\Users\\Public\\Downloads\\Alive-Innovation-Tech-Workspace\\alive-home-backend\\node_modules\\sequelize\\lib\\sequelize.js:377:9)\n    at async initializeDatabase (C:\\Users\\Public\\Downloads\\Alive-Innovation-Tech-Workspace\\alive-home-backend\\lib\\database.js:60:7)","timestamp":"2025-08-11T02:14:29.263Z"}
{"level":"error","message":"❌ Failed loading model TokenModel.js: sequelize.define is not a function","stack":"TypeError: sequelize.define is not a function\n    at Object.<anonymous> (C:\\Users\\Public\\Downloads\\Alive-Innovation-Tech-Workspace\\alive-home-backend\\app\\models\\TokenModel.js:7:25)\n    at Module._compile (node:internal/modules/cjs/loader:1256:14)\n    at Module._extensions..js (node:internal/modules/cjs/loader:1310:10)\n    at Module.load (node:internal/modules/cjs/loader:1119:32)\n    at Module._load (node:internal/modules/cjs/loader:960:12)\n    at Module.require (node:internal/modules/cjs/loader:1143:19)\n    at require (node:internal/modules/cjs/helpers:119:18)\n    at C:\\Users\\Public\\Downloads\\Alive-Innovation-Tech-Workspace\\alive-home-backend\\app\\models\\index.js:22:30\n    at Array.forEach (<anonymous>)\n    at module.exports (C:\\Users\\Public\\Downloads\\Alive-Innovation-Tech-Workspace\\alive-home-backend\\app\\models\\index.js:19:6)","timestamp":"2025-08-11T02:15:09.461Z"}
{"error":"column \"licenseNumber\" does not exist","level":"error","message":"❌ DATABASE INITIALIZATION FAILED","stack":"Error\n    at Query.run (C:\\Users\\Public\\Downloads\\Alive-Innovation-Tech-Workspace\\alive-home-backend\\node_modules\\sequelize\\lib\\dialects\\postgres\\query.js:50:25)\n    at C:\\Users\\Public\\Downloads\\Alive-Innovation-Tech-Workspace\\alive-home-backend\\node_modules\\sequelize\\lib\\sequelize.js:315:28\n    at process.processTicksAndRejections (node:internal/process/task_queues:95:5)\n    at async PostgresQueryInterface.addIndex (C:\\Users\\Public\\Downloads\\Alive-Innovation-Tech-Workspace\\alive-home-backend\\node_modules\\sequelize\\lib\\dialects\\abstract\\query-interface.js:250:12)\n    at async Realtor.sync (C:\\Users\\Public\\Downloads\\Alive-Innovation-Tech-Workspace\\alive-home-backend\\node_modules\\sequelize\\lib\\model.js:999:7)\n    at async Sequelize.sync (C:\\Users\\Public\\Downloads\\Alive-Innovation-Tech-Workspace\\alive-home-backend\\node_modules\\sequelize\\lib\\sequelize.js:377:9)\n    at async initializeDatabase (C:\\Users\\Public\\Downloads\\Alive-Innovation-Tech-Workspace\\alive-home-backend\\lib\\database.js:60:7)","timestamp":"2025-08-11T02:15:13.461Z"}
{"error":"column \"licenseNumber\" does not exist","level":"error","message":"❌ DATABASE INITIALIZATION FAILED","stack":"Error\n    at Query.run (C:\\Users\\Public\\Downloads\\Alive-Innovation-Tech-Workspace\\alive-home-backend\\node_modules\\sequelize\\lib\\dialects\\postgres\\query.js:50:25)\n    at C:\\Users\\Public\\Downloads\\Alive-Innovation-Tech-Workspace\\alive-home-backend\\node_modules\\sequelize\\lib\\sequelize.js:315:28\n    at process.processTicksAndRejections (node:internal/process/task_queues:95:5)\n    at async PostgresQueryInterface.addIndex (C:\\Users\\Public\\Downloads\\Alive-Innovation-Tech-Workspace\\alive-home-backend\\node_modules\\sequelize\\lib\\dialects\\abstract\\query-interface.js:250:12)\n    at async Realtor.sync (C:\\Users\\Public\\Downloads\\Alive-Innovation-Tech-Workspace\\alive-home-backend\\node_modules\\sequelize\\lib\\model.js:999:7)\n    at async Sequelize.sync (C:\\Users\\Public\\Downloads\\Alive-Innovation-Tech-Workspace\\alive-home-backend\\node_modules\\sequelize\\lib\\sequelize.js:377:9)\n    at async initializeDatabase (C:\\Users\\Public\\Downloads\\Alive-Innovation-Tech-Workspace\\alive-home-backend\\lib\\database.js:60:7)","timestamp":"2025-08-11T02:26:53.162Z"}
{"error":"foreign key constraint \"Tokens_user_id_fkey\" cannot be implemented","level":"error","message":"❌ DATABASE INITIALIZATION FAILED","stack":"Error\n    at Query.run (C:\\Users\\Public\\Downloads\\Alive-Innovation-Tech-Workspace\\alive-home-backend\\node_modules\\sequelize\\lib\\dialects\\postgres\\query.js:50:25)\n    at C:\\Users\\Public\\Downloads\\Alive-Innovation-Tech-Workspace\\alive-home-backend\\node_modules\\sequelize\\lib\\sequelize.js:315:28\n    at process.processTicksAndRejections (node:internal/process/task_queues:95:5)\n    at async PostgresQueryInterface.createTable (C:\\Users\\Public\\Downloads\\Alive-Innovation-Tech-Workspace\\alive-home-backend\\node_modules\\sequelize\\lib\\dialects\\abstract\\query-interface.js:98:12)\n    at async Token.sync (C:\\Users\\Public\\Downloads\\Alive-Innovation-Tech-Workspace\\alive-home-backend\\node_modules\\sequelize\\lib\\model.js:942:7)\n    at async Sequelize.sync (C:\\Users\\Public\\Downloads\\Alive-Innovation-Tech-Workspace\\alive-home-backend\\node_modules\\sequelize\\lib\\sequelize.js:377:9)\n    at async initializeDatabase (C:\\Users\\Public\\Downloads\\Alive-Innovation-Tech-Workspace\\alive-home-backend\\lib\\database.js:60:7)","timestamp":"2025-08-11T02:27:32.422Z"}
{"error":"foreign key constraint \"Tokens_user_id_fkey\" cannot be implemented","level":"error","message":"❌ DATABASE INITIALIZATION FAILED","stack":"Error\n    at Query.run (C:\\Users\\Public\\Downloads\\Alive-Innovation-Tech-Workspace\\alive-home-backend\\node_modules\\sequelize\\lib\\dialects\\postgres\\query.js:50:25)\n    at C:\\Users\\Public\\Downloads\\Alive-Innovation-Tech-Workspace\\alive-home-backend\\node_modules\\sequelize\\lib\\sequelize.js:315:28\n    at process.processTicksAndRejections (node:internal/process/task_queues:95:5)\n    at async PostgresQueryInterface.createTable (C:\\Users\\Public\\Downloads\\Alive-Innovation-Tech-Workspace\\alive-home-backend\\node_modules\\sequelize\\lib\\dialects\\abstract\\query-interface.js:98:12)\n    at async Token.sync (C:\\Users\\Public\\Downloads\\Alive-Innovation-Tech-Workspace\\alive-home-backend\\node_modules\\sequelize\\lib\\model.js:942:7)\n    at async Sequelize.sync (C:\\Users\\Public\\Downloads\\Alive-Innovation-Tech-Workspace\\alive-home-backend\\node_modules\\sequelize\\lib\\sequelize.js:377:9)\n    at async initializeDatabase (C:\\Users\\Public\\Downloads\\Alive-Innovation-Tech-Workspace\\alive-home-backend\\lib\\database.js:60:7)","timestamp":"2025-08-11T02:28:37.404Z"}
{"error":"foreign key constraint \"Tokens_user_id_fkey\" cannot be implemented","level":"error","message":"❌ DATABASE INITIALIZATION FAILED","stack":"Error\n    at Query.run (C:\\Users\\Public\\Downloads\\Alive-Innovation-Tech-Workspace\\alive-home-backend\\node_modules\\sequelize\\lib\\dialects\\postgres\\query.js:50:25)\n    at C:\\Users\\Public\\Downloads\\Alive-Innovation-Tech-Workspace\\alive-home-backend\\node_modules\\sequelize\\lib\\sequelize.js:315:28\n    at process.processTicksAndRejections (node:internal/process/task_queues:95:5)\n    at async PostgresQueryInterface.createTable (C:\\Users\\Public\\Downloads\\Alive-Innovation-Tech-Workspace\\alive-home-backend\\node_modules\\sequelize\\lib\\dialects\\abstract\\query-interface.js:98:12)\n    at async Token.sync (C:\\Users\\Public\\Downloads\\Alive-Innovation-Tech-Workspace\\alive-home-backend\\node_modules\\sequelize\\lib\\model.js:942:7)\n    at async Sequelize.sync (C:\\Users\\Public\\Downloads\\Alive-Innovation-Tech-Workspace\\alive-home-backend\\node_modules\\sequelize\\lib\\sequelize.js:377:9)\n    at async initializeDatabase (C:\\Users\\Public\\Downloads\\Alive-Innovation-Tech-Workspace\\alive-home-backend\\lib\\database.js:60:7)","timestamp":"2025-08-11T02:36:31.942Z"}
{"error":"column \"createdAt\" does not exist","level":"error","message":"❌ DATABASE INITIALIZATION FAILED","stack":"Error\n    at Query.run (C:\\Users\\Public\\Downloads\\Alive-Innovation-Tech-Workspace\\alive-home-backend\\node_modules\\sequelize\\lib\\dialects\\postgres\\query.js:50:25)\n    at C:\\Users\\Public\\Downloads\\Alive-Innovation-Tech-Workspace\\alive-home-backend\\node_modules\\sequelize\\lib\\sequelize.js:315:28\n    at process.processTicksAndRejections (node:internal/process/task_queues:95:5)\n    at async PostgresQueryInterface.addIndex (C:\\Users\\Public\\Downloads\\Alive-Innovation-Tech-Workspace\\alive-home-backend\\node_modules\\sequelize\\lib\\dialects\\abstract\\query-interface.js:250:12)\n    at async Token.sync (C:\\Users\\Public\\Downloads\\Alive-Innovation-Tech-Workspace\\alive-home-backend\\node_modules\\sequelize\\lib\\model.js:999:7)\n    at async Sequelize.sync (C:\\Users\\Public\\Downloads\\Alive-Innovation-Tech-Workspace\\alive-home-backend\\node_modules\\sequelize\\lib\\sequelize.js:377:9)\n    at async initializeDatabase (C:\\Users\\Public\\Downloads\\Alive-Innovation-Tech-Workspace\\alive-home-backend\\lib\\database.js:60:7)","timestamp":"2025-08-11T02:40:24.391Z"}
{"errors":[{"instance":{"category":"general","createdAt":"2025-08-12T23:07:07.819Z","description":"Can read their own user profile","isActive":true,"name":"profile:read:self","permissionId":"b055bc0f-cbb9-410d-a7f8-53368ac769c7","updatedAt":"2025-08-12T23:07:07.819Z"},"message":"Permission name must be lowercase with underscores","origin":"FUNCTION","original":{"validatorArgs":[{}],"validatorName":"is"},"path":"name","type":"Validation error","validatorArgs":[{}],"validatorKey":"is","validatorName":"is","value":"profile:read:self"}],"level":"error","message":"❌ Permissions and roles seeding failed: Validation error: Permission name must be lowercase with underscores","name":"SequelizeValidationError","stack":"SequelizeValidationError: Validation error: Permission name must be lowercase with underscores\n    at InstanceValidator._validate (/Users/abba/Desktop/alive-home-backend/node_modules/sequelize/lib/instance-validator.js:50:13)\n    at process.processTicksAndRejections (node:internal/process/task_queues:105:5)\n    at async InstanceValidator._validateAndRunHooks (/Users/abba/Desktop/alive-home-backend/node_modules/sequelize/lib/instance-validator.js:60:7)\n    at async InstanceValidator.validate (/Users/abba/Desktop/alive-home-backend/node_modules/sequelize/lib/instance-validator.js:54:12)\n    at async Permission.save (/Users/abba/Desktop/alive-home-backend/node_modules/sequelize/lib/model.js:2426:7)\n    at async Permission.create (/Users/abba/Desktop/alive-home-backend/node_modules/sequelize/lib/model.js:1362:12)\n    at async seedPermissionsAndRoles (/Users/abba/Desktop/alive-home-backend/lib/seed-permissions.js:62:30)","timestamp":"2025-08-12T23:07:07.821Z"}
{"level":"error","message":"❌ Permissions and roles seeding failed: Cannot read properties of undefined (reading 'findOne')","stack":"TypeError: Cannot read properties of undefined (reading 'findOne')\n    at seedPermissionsAndRoles (/Users/abba/Desktop/alive-home-backend/lib/seed-permissions.js:100:89)\n    at process.processTicksAndRejections (node:internal/process/task_queues:105:5)","timestamp":"2025-08-12T23:10:08.445Z"}
{"errors":[{"instance":{"accountStatus":"pending","cloudinary_id":null,"createdAt":"2025-08-12T23:10:47.045Z","email":"alliveinnovationtech@gmail.com","emailVerifiedAt":null,"firstName":"Precious","isEmailVerified":false,"lastLoginAt":null,"lastLoginIp":null,"lastName":"Agamuyi","password":"$2a$10$W/ihPPi53ChgkN60nXB4GuFBV12WhbptkGyfhgXx8.vQKQnzEoTSC","phoneNumber":"+2347084176423","profilePictureUrl":null,"roleId":"d312e6fe-b334-4fbf-9bf2-02c95f88e720","updatedAt":"2025-08-12T23:10:47.045Z","userId":"5cec9347-893a-4fb5-8117-24009be966f9"},"message":"Password must be 8-15 characters","origin":"FUNCTION","original":{"validatorArgs":[8,15],"validatorName":"len"},"path":"password","type":"Validation error","validatorArgs":[8,15],"validatorKey":"len","validatorName":"len","value":"$2a$10$W/ihPPi53ChgkN60nXB4GuFBV12WhbptkGyfhgXx8.vQKQnzEoTSC"}],"level":"error","message":"❌ Permissions and roles seeding failed: Validation error: Password must be 8-15 characters","name":"SequelizeValidationError","stack":"SequelizeValidationError: Validation error: Password must be 8-15 characters\n    at InstanceValidator._validate (/Users/abba/Desktop/alive-home-backend/node_modules/sequelize/lib/instance-validator.js:50:13)\n    at process.processTicksAndRejections (node:internal/process/task_queues:105:5)\n    at async InstanceValidator._validateAndRunHooks (/Users/abba/Desktop/alive-home-backend/node_modules/sequelize/lib/instance-validator.js:60:7)\n    at async InstanceValidator.validate (/Users/abba/Desktop/alive-home-backend/node_modules/sequelize/lib/instance-validator.js:54:12)\n    at async User.save (/Users/abba/Desktop/alive-home-backend/node_modules/sequelize/lib/model.js:2426:7)\n    at async User.create (/Users/abba/Desktop/alive-home-backend/node_modules/sequelize/lib/model.js:1362:12)\n    at async seedPermissionsAndRoles (/Users/abba/Desktop/alive-home-backend/lib/seed-permissions.js:123:27)","timestamp":"2025-08-12T23:10:47.047Z"}
